<?xml version="1.0" encoding="UTF-8"?>
<testsuite xmlns:xsi="http://www.w3.org/2001/XMLSchema-instance" xsi:noNamespaceSchemaLocation="https://maven.apache.org/surefire/maven-surefire-plugin/xsd/surefire-test-report.xsd" version="3.0.2" name="org.jsoup.select.SelectorTest" time="0.022" tests="108" errors="0" skipped="0" failures="0">
  <properties>
    <property name="java.specification.version" value="21"/>
    <property name="sun.jnu.encoding" value="UTF-8"/>
    <property name="java.class.path" value="/Users/yura/workspace/Fuzz/target/test-classes:/Users/yura/workspace/Fuzz/target/classes:/Users/yura/.m2/repository/com/code-intelligence/jazzer/0.22.1/jazzer-0.22.1.jar:/Users/yura/.m2/repository/com/code-intelligence/jazzer-api/0.22.1/jazzer-api-0.22.1.jar:/Users/yura/.m2/repository/org/junit/jupiter/junit-jupiter/5.11.0/junit-jupiter-5.11.0.jar:/Users/yura/.m2/repository/org/junit/jupiter/junit-jupiter-api/5.11.0/junit-jupiter-api-5.11.0.jar:/Users/yura/.m2/repository/org/opentest4j/opentest4j/1.3.0/opentest4j-1.3.0.jar:/Users/yura/.m2/repository/org/junit/platform/junit-platform-commons/1.11.0/junit-platform-commons-1.11.0.jar:/Users/yura/.m2/repository/org/apiguardian/apiguardian-api/1.1.2/apiguardian-api-1.1.2.jar:/Users/yura/.m2/repository/org/junit/jupiter/junit-jupiter-params/5.11.0/junit-jupiter-params-5.11.0.jar:/Users/yura/.m2/repository/org/junit/jupiter/junit-jupiter-engine/5.11.0/junit-jupiter-engine-5.11.0.jar:/Users/yura/.m2/repository/org/junit/platform/junit-platform-engine/1.11.0/junit-platform-engine-1.11.0.jar:/Users/yura/.m2/repository/com/google/code/gson/gson/2.11.0/gson-2.11.0.jar:/Users/yura/.m2/repository/com/google/errorprone/error_prone_annotations/2.27.0/error_prone_annotations-2.27.0.jar:/Users/yura/.m2/repository/org/eclipse/jetty/jetty-server/9.4.56.v20240826/jetty-server-9.4.56.v20240826.jar:/Users/yura/.m2/repository/javax/servlet/javax.servlet-api/3.1.0/javax.servlet-api-3.1.0.jar:/Users/yura/.m2/repository/org/eclipse/jetty/jetty-http/9.4.56.v20240826/jetty-http-9.4.56.v20240826.jar:/Users/yura/.m2/repository/org/eclipse/jetty/jetty-io/9.4.56.v20240826/jetty-io-9.4.56.v20240826.jar:/Users/yura/.m2/repository/org/eclipse/jetty/jetty-servlet/9.4.56.v20240826/jetty-servlet-9.4.56.v20240826.jar:/Users/yura/.m2/repository/org/eclipse/jetty/jetty-security/9.4.56.v20240826/jetty-security-9.4.56.v20240826.jar:/Users/yura/.m2/repository/org/eclipse/jetty/jetty-util-ajax/9.4.56.v20240826/jetty-util-ajax-9.4.56.v20240826.jar:/Users/yura/.m2/repository/org/eclipse/jetty/jetty-proxy/9.4.56.v20240826/jetty-proxy-9.4.56.v20240826.jar:/Users/yura/.m2/repository/org/eclipse/jetty/jetty-util/9.4.56.v20240826/jetty-util-9.4.56.v20240826.jar:/Users/yura/.m2/repository/org/eclipse/jetty/jetty-client/9.4.56.v20240826/jetty-client-9.4.56.v20240826.jar:/Users/yura/.m2/repository/org/jspecify/jspecify/1.0.0/jspecify-1.0.0.jar:"/>
    <property name="java.vm.vendor" value="Oracle Corporation"/>
    <property name="sun.arch.data.model" value="64"/>
    <property name="java.vendor.url" value="https://java.oracle.com/"/>
    <property name="user.timezone" value="Europe/Moscow"/>
    <property name="os.name" value="Mac OS X"/>
    <property name="java.vm.specification.version" value="21"/>
    <property name="sun.java.launcher" value="SUN_STANDARD"/>
    <property name="user.country" value="RU"/>
    <property name="sun.boot.library.path" value="/Library/Java/JavaVirtualMachines/jdk-21.jdk/Contents/Home/lib"/>
    <property name="sun.java.command" value="/Users/yura/workspace/Fuzz/target/surefire/surefirebooter-20241108113016282_3.jar /Users/yura/workspace/Fuzz/target/surefire 2024-11-08T11-30-15_400-jvmRun1 surefire-20241108113016282_1tmp surefire_0-20241108113016282_2tmp"/>
    <property name="jdk.debug" value="release"/>
    <property name="surefire.test.class.path" value="/Users/yura/workspace/Fuzz/target/test-classes:/Users/yura/workspace/Fuzz/target/classes:/Users/yura/.m2/repository/com/code-intelligence/jazzer/0.22.1/jazzer-0.22.1.jar:/Users/yura/.m2/repository/com/code-intelligence/jazzer-api/0.22.1/jazzer-api-0.22.1.jar:/Users/yura/.m2/repository/org/junit/jupiter/junit-jupiter/5.11.0/junit-jupiter-5.11.0.jar:/Users/yura/.m2/repository/org/junit/jupiter/junit-jupiter-api/5.11.0/junit-jupiter-api-5.11.0.jar:/Users/yura/.m2/repository/org/opentest4j/opentest4j/1.3.0/opentest4j-1.3.0.jar:/Users/yura/.m2/repository/org/junit/platform/junit-platform-commons/1.11.0/junit-platform-commons-1.11.0.jar:/Users/yura/.m2/repository/org/apiguardian/apiguardian-api/1.1.2/apiguardian-api-1.1.2.jar:/Users/yura/.m2/repository/org/junit/jupiter/junit-jupiter-params/5.11.0/junit-jupiter-params-5.11.0.jar:/Users/yura/.m2/repository/org/junit/jupiter/junit-jupiter-engine/5.11.0/junit-jupiter-engine-5.11.0.jar:/Users/yura/.m2/repository/org/junit/platform/junit-platform-engine/1.11.0/junit-platform-engine-1.11.0.jar:/Users/yura/.m2/repository/com/google/code/gson/gson/2.11.0/gson-2.11.0.jar:/Users/yura/.m2/repository/com/google/errorprone/error_prone_annotations/2.27.0/error_prone_annotations-2.27.0.jar:/Users/yura/.m2/repository/org/eclipse/jetty/jetty-server/9.4.56.v20240826/jetty-server-9.4.56.v20240826.jar:/Users/yura/.m2/repository/javax/servlet/javax.servlet-api/3.1.0/javax.servlet-api-3.1.0.jar:/Users/yura/.m2/repository/org/eclipse/jetty/jetty-http/9.4.56.v20240826/jetty-http-9.4.56.v20240826.jar:/Users/yura/.m2/repository/org/eclipse/jetty/jetty-io/9.4.56.v20240826/jetty-io-9.4.56.v20240826.jar:/Users/yura/.m2/repository/org/eclipse/jetty/jetty-servlet/9.4.56.v20240826/jetty-servlet-9.4.56.v20240826.jar:/Users/yura/.m2/repository/org/eclipse/jetty/jetty-security/9.4.56.v20240826/jetty-security-9.4.56.v20240826.jar:/Users/yura/.m2/repository/org/eclipse/jetty/jetty-util-ajax/9.4.56.v20240826/jetty-util-ajax-9.4.56.v20240826.jar:/Users/yura/.m2/repository/org/eclipse/jetty/jetty-proxy/9.4.56.v20240826/jetty-proxy-9.4.56.v20240826.jar:/Users/yura/.m2/repository/org/eclipse/jetty/jetty-util/9.4.56.v20240826/jetty-util-9.4.56.v20240826.jar:/Users/yura/.m2/repository/org/eclipse/jetty/jetty-client/9.4.56.v20240826/jetty-client-9.4.56.v20240826.jar:/Users/yura/.m2/repository/org/jspecify/jspecify/1.0.0/jspecify-1.0.0.jar:"/>
    <property name="sun.cpu.endian" value="little"/>
    <property name="user.home" value="/Users/yura"/>
    <property name="user.language" value="ru"/>
    <property name="jdk.http.auth.tunneling.disabledSchemes" value=""/>
    <property name="java.specification.vendor" value="Oracle Corporation"/>
    <property name="java.version.date" value="2024-01-16"/>
    <property name="java.home" value="/Library/Java/JavaVirtualMachines/jdk-21.jdk/Contents/Home"/>
    <property name="file.separator" value="/"/>
    <property name="basedir" value="/Users/yura/workspace/Fuzz"/>
    <property name="java.vm.compressedOopsMode" value="Zero based"/>
    <property name="line.separator" value="&#10;"/>
    <property name="java.specification.name" value="Java Platform API Specification"/>
    <property name="java.vm.specification.vendor" value="Oracle Corporation"/>
    <property name="apple.awt.application.name" value="ForkedBooter"/>
    <property name="surefire.real.class.path" value="/Users/yura/workspace/Fuzz/target/surefire/surefirebooter-20241108113016282_3.jar"/>
    <property name="sun.management.compiler" value="HotSpot 64-Bit Tiered Compilers"/>
    <property name="java.runtime.version" value="21.0.2+13-LTS-58"/>
    <property name="user.name" value="yura"/>
    <property name="stdout.encoding" value="UTF-8"/>
    <property name="path.separator" value=":"/>
    <property name="os.version" value="15.1"/>
    <property name="java.runtime.name" value="Java(TM) SE Runtime Environment"/>
    <property name="file.encoding" value="UTF-8"/>
    <property name="sun.net.http.allowRestrictedHeaders" value="true"/>
    <property name="java.vm.name" value="Java HotSpot(TM) 64-Bit Server VM"/>
    <property name="localRepository" value="/Users/yura/.m2/repository"/>
    <property name="java.vendor.url.bug" value="https://bugreport.java.com/bugreport/"/>
    <property name="jetty.git.hash" value="ec6782ff5ead824dabdcf47fa98f90a4aedff401"/>
    <property name="java.io.tmpdir" value="/var/folders/dh/xsz4v51j4sj_zpy4gvxzsk9w0000gn/T/"/>
    <property name="java.version" value="21.0.2"/>
    <property name="user.dir" value="/Users/yura/workspace/Fuzz"/>
    <property name="os.arch" value="aarch64"/>
    <property name="java.vm.specification.name" value="Java Virtual Machine Specification"/>
    <property name="native.encoding" value="UTF-8"/>
    <property name="java.library.path" value="/Users/yura/Library/Java/Extensions:/Library/Java/Extensions:/Network/Library/Java/Extensions:/System/Library/Java/Extensions:/usr/lib/java:."/>
    <property name="java.vm.info" value="mixed mode, sharing"/>
    <property name="stderr.encoding" value="UTF-8"/>
    <property name="java.vendor" value="Oracle Corporation"/>
    <property name="java.vm.version" value="21.0.2+13-LTS-58"/>
    <property name="sun.io.unicode.encoding" value="UnicodeBig"/>
    <property name="java.class.version" value="65.0"/>
  </properties>
  <testcase name="containsData(Locale)[1]" classname="org.jsoup.select.SelectorTest" time="0.0"/>
  <testcase name="containsData(Locale)[2]" classname="org.jsoup.select.SelectorTest" time="0.0"/>
  <testcase name="html_mixed_case_simple_name" classname="org.jsoup.select.SelectorTest" time="0.0"/>
  <testcase name="wildcardNamespaceMatchesNoNamespace" classname="org.jsoup.select.SelectorTest" time="0.0"/>
  <testcase name="selectFirstLevelChildrenOnly" classname="org.jsoup.select.SelectorTest" time="0.0"/>
  <testcase name="nestedMultiHas" classname="org.jsoup.select.SelectorTest" time="0.0"/>
  <testcase name="matchesWholeText" classname="org.jsoup.select.SelectorTest" time="0.001"/>
  <testcase name="testWildcardNamespacedXmlTag" classname="org.jsoup.select.SelectorTest" time="0.0"/>
  <testcase name="testByAttributeStarting(Locale)[1]" classname="org.jsoup.select.SelectorTest" time="0.0"/>
  <testcase name="testByAttributeStarting(Locale)[2]" classname="org.jsoup.select.SelectorTest" time="0.0"/>
  <testcase name="deeperDescendant" classname="org.jsoup.select.SelectorTest" time="0.001"/>
  <testcase name="selectSameElements" classname="org.jsoup.select.SelectorTest" time="0.0"/>
  <testcase name="emptyAttributePrefix" classname="org.jsoup.select.SelectorTest" time="0.0"/>
  <testcase name="testPseudoEquals" classname="org.jsoup.select.SelectorTest" time="0.0"/>
  <testcase name="xml_lowercase_simple_name" classname="org.jsoup.select.SelectorTest" time="0.0"/>
  <testcase name="testByClassCaseInsensitive" classname="org.jsoup.select.SelectorTest" time="0.0"/>
  <testcase name="divHasDivPreceding" classname="org.jsoup.select.SelectorTest" time="0.0"/>
  <testcase name="testByAttributeRegexCharacterClass" classname="org.jsoup.select.SelectorTest" time="0.0"/>
  <testcase name="testAllWithClass" classname="org.jsoup.select.SelectorTest" time="0.001"/>
  <testcase name="testByTag" classname="org.jsoup.select.SelectorTest" time="0.0"/>
  <testcase name="testWildCardNamespacedCaseVariations" classname="org.jsoup.select.SelectorTest" time="0.0"/>
  <testcase name="html_lowercase_wildcard_name" classname="org.jsoup.select.SelectorTest" time="0.0"/>
  <testcase name="selectorExceptionNotStringFormatException" classname="org.jsoup.select.SelectorTest" time="0.0"/>
  <testcase name="testById" classname="org.jsoup.select.SelectorTest" time="0.0"/>
  <testcase name="findBetweenSpan" classname="org.jsoup.select.SelectorTest" time="0.001"/>
  <testcase name="descendant" classname="org.jsoup.select.SelectorTest" time="0.0"/>
  <testcase name="handlesCommasInSelector" classname="org.jsoup.select.SelectorTest" time="0.001"/>
  <testcase name="byEscapedTag" classname="org.jsoup.select.SelectorTest" time="0.0"/>
  <testcase name="notAll" classname="org.jsoup.select.SelectorTest" time="0.0"/>
  <testcase name="testByAttribute(Locale)[1]" classname="org.jsoup.select.SelectorTest" time="0.0"/>
  <testcase name="testByAttribute(Locale)[2]" classname="org.jsoup.select.SelectorTest" time="0.0"/>
  <testcase name="xml_lowercase_wildcard_name" classname="org.jsoup.select.SelectorTest" time="0.0"/>
  <testcase name="testHasSibling" classname="org.jsoup.select.SelectorTest" time="0.0"/>
  <testcase name="byEscapedClass" classname="org.jsoup.select.SelectorTest" time="0.0"/>
  <testcase name="testNamespacedWildcardTag" classname="org.jsoup.select.SelectorTest" time="0.0"/>
  <testcase name="anyAttribute" classname="org.jsoup.select.SelectorTest" time="0.0"/>
  <testcase name="startsWithBeginsWithSpace" classname="org.jsoup.select.SelectorTest" time="0.0"/>
  <testcase name="selectClassWithSpace" classname="org.jsoup.select.SelectorTest" time="0.0"/>
  <testcase name="notAdjacent" classname="org.jsoup.select.SelectorTest" time="0.001"/>
  <testcase name="testCombinedWithContains" classname="org.jsoup.select.SelectorTest" time="0.0"/>
  <testcase name="containsWithQuote" classname="org.jsoup.select.SelectorTest" time="0.0"/>
  <testcase name="testPseudoGreaterThan" classname="org.jsoup.select.SelectorTest" time="0.0"/>
  <testcase name="testAllElements" classname="org.jsoup.select.SelectorTest" time="0.0"/>
  <testcase name="testByAttributeRegex" classname="org.jsoup.select.SelectorTest" time="0.0"/>
  <testcase name="evaluatorMemosAreReset" classname="org.jsoup.select.SelectorTest" time="0.0"/>
  <testcase name="parentFromSpecifiedDescender" classname="org.jsoup.select.SelectorTest" time="0.0"/>
  <testcase name="mixCombinator" classname="org.jsoup.select.SelectorTest" time="0.001"/>
  <testcase name="testRelaxedTags" classname="org.jsoup.select.SelectorTest" time="0.0"/>
  <testcase name="testPseudoBetween" classname="org.jsoup.select.SelectorTest" time="0.0"/>
  <testcase name="blankTextNodesAreConsideredEmpty" classname="org.jsoup.select.SelectorTest" time="0.0"/>
  <testcase name="testPseudoLessThan" classname="org.jsoup.select.SelectorTest" time="0.0"/>
  <testcase name="testGroupOr" classname="org.jsoup.select.SelectorTest" time="0.001"/>
  <testcase name="testByClass" classname="org.jsoup.select.SelectorTest" time="0.0"/>
  <testcase name="containsWholeOwnText" classname="org.jsoup.select.SelectorTest" time="0.0"/>
  <testcase name="is" classname="org.jsoup.select.SelectorTest" time="0.0"/>
  <testcase name="and" classname="org.jsoup.select.SelectorTest" time="0.001"/>
  <testcase name="rootImmediateParentSubquery" classname="org.jsoup.select.SelectorTest" time="0.0"/>
  <testcase name="attributeWithBrackets" classname="org.jsoup.select.SelectorTest" time="0.0"/>
  <testcase name="testPsuedoContainsWithParentheses" classname="org.jsoup.select.SelectorTest" time="0.0"/>
  <testcase name="testGroupOrAttribute" classname="org.jsoup.select.SelectorTest" time="0.0"/>
  <testcase name="caseInsensitive" classname="org.jsoup.select.SelectorTest" time="0.0"/>
  <testcase name="selectFirst" classname="org.jsoup.select.SelectorTest" time="0.001"/>
  <testcase name="containsOwn(Locale)[1]" classname="org.jsoup.select.SelectorTest" time="0.0"/>
  <testcase name="containsOwn(Locale)[2]" classname="org.jsoup.select.SelectorTest" time="0.0"/>
  <testcase name="xml_mixed_case_wildcard_name" classname="org.jsoup.select.SelectorTest" time="0.001"/>
  <testcase name="html_mixed_case_wildcard_name" classname="org.jsoup.select.SelectorTest" time="0.0"/>
  <testcase name="testCharactersInIdAndClass" classname="org.jsoup.select.SelectorTest" time="0.0"/>
  <testcase name="splitOnBr" classname="org.jsoup.select.SelectorTest" time="0.0"/>
  <testcase name="multiChildDescent" classname="org.jsoup.select.SelectorTest" time="0.0"/>
  <testcase name="adjacentSiblingsWithId" classname="org.jsoup.select.SelectorTest" time="0.0"/>
  <testcase name="testMatches" classname="org.jsoup.select.SelectorTest" time="0.0"/>
  <testcase name="matchText" classname="org.jsoup.select.SelectorTest" time="0.0"/>
  <testcase name="selectFirstWithOr" classname="org.jsoup.select.SelectorTest" time="0.0"/>
  <testcase name="matchTextAttributes" classname="org.jsoup.select.SelectorTest" time="0.0"/>
  <testcase name="endsWithEndsWithSpaces" classname="org.jsoup.select.SelectorTest" time="0.0"/>
  <testcase name="byEscapedId" classname="org.jsoup.select.SelectorTest" time="0.0"/>
  <testcase name="parentWithClassChild" classname="org.jsoup.select.SelectorTest" time="0.001"/>
  <testcase name="containsTextQueryIsNormalized" classname="org.jsoup.select.SelectorTest" time="0.0"/>
  <testcase name="xml_mixed_case_simple_name" classname="org.jsoup.select.SelectorTest" time="0.0"/>
  <testcase name="emptyPseudo" classname="org.jsoup.select.SelectorTest" time="0.0"/>
  <testcase name="generalSiblings" classname="org.jsoup.select.SelectorTest" time="0.0"/>
  <testcase name="parentChildStar" classname="org.jsoup.select.SelectorTest" time="0.0"/>
  <testcase name="matchesWholeOwnText" classname="org.jsoup.select.SelectorTest" time="0.0"/>
  <testcase name="divHasSpanPreceding" classname="org.jsoup.select.SelectorTest" time="0.0"/>
  <testcase name="nthLastChildWithNoParent" classname="org.jsoup.select.SelectorTest" time="0.0"/>
  <testcase name="testPseudoCombined" classname="org.jsoup.select.SelectorTest" time="0.0"/>
  <testcase name="testPseudoContains(Locale)[1]" classname="org.jsoup.select.SelectorTest" time="0.0"/>
  <testcase name="testPseudoContains(Locale)[2]" classname="org.jsoup.select.SelectorTest" time="0.0"/>
  <testcase name="xmlWildcardNamespaceTest" classname="org.jsoup.select.SelectorTest" time="0.0"/>
  <testcase name="testPseudoHas" classname="org.jsoup.select.SelectorTest" time="0.0"/>
  <testcase name="notClass" classname="org.jsoup.select.SelectorTest" time="0.0"/>
  <testcase name="html_lowercase_simple_name" classname="org.jsoup.select.SelectorTest" time="0.0"/>
  <testcase name="notParas" classname="org.jsoup.select.SelectorTest" time="0.0"/>
  <testcase name="selectSupplementaryCharacter" classname="org.jsoup.select.SelectorTest" time="0.002"/>
  <testcase name="adjacentSiblings" classname="org.jsoup.select.SelectorTest" time="0.0"/>
  <testcase name="testNamespacedTag" classname="org.jsoup.select.SelectorTest" time="0.0"/>
  <testcase name="testNestedHas" classname="org.jsoup.select.SelectorTest" time="0.0"/>
  <testcase name="trimSelector" classname="org.jsoup.select.SelectorTest" time="0.0"/>
  <testcase name="parentChildElement" classname="org.jsoup.select.SelectorTest" time="0.0"/>
  <testcase name="childElements" classname="org.jsoup.select.SelectorTest" time="0.001"/>
  <testcase name="testByAttributeRegexCombined" classname="org.jsoup.select.SelectorTest" time="0.0"/>
  <testcase name="matchesOwn" classname="org.jsoup.select.SelectorTest" time="0.0"/>
  <testcase name="testSupportsLeadingCombinator" classname="org.jsoup.select.SelectorTest" time="0.0"/>
  <testcase name="orAfterClass" classname="org.jsoup.select.SelectorTest" time="0.0"/>
  <testcase name="mixCombinatorGroup" classname="org.jsoup.select.SelectorTest" time="0.001"/>
  <testcase name="containsWholeText" classname="org.jsoup.select.SelectorTest" time="0.0"/>
  <testcase name="testWildcardNamespacedTag" classname="org.jsoup.select.SelectorTest" time="0.0"/>
  <testcase name="selectFirstWithAnd" classname="org.jsoup.select.SelectorTest" time="0.0"/>
</testsuite>