<?xml version="1.0" encoding="UTF-8"?>
<testsuite xmlns:xsi="http://www.w3.org/2001/XMLSchema-instance" xsi:noNamespaceSchemaLocation="https://maven.apache.org/surefire/maven-surefire-plugin/xsd/surefire-test-report.xsd" version="3.0.2" name="org.jsoup.nodes.DocumentTest" time="0.409" tests="37" errors="0" skipped="0" failures="0">
  <properties>
    <property name="java.specification.version" value="21"/>
    <property name="sun.jnu.encoding" value="UTF-8"/>
    <property name="java.class.path" value="/Users/yura/workspace/Fuzz/target/test-classes:/Users/yura/workspace/Fuzz/target/classes:/Users/yura/.m2/repository/com/code-intelligence/jazzer/0.22.1/jazzer-0.22.1.jar:/Users/yura/.m2/repository/com/code-intelligence/jazzer-api/0.22.1/jazzer-api-0.22.1.jar:/Users/yura/.m2/repository/org/junit/jupiter/junit-jupiter/5.11.0/junit-jupiter-5.11.0.jar:/Users/yura/.m2/repository/org/junit/jupiter/junit-jupiter-api/5.11.0/junit-jupiter-api-5.11.0.jar:/Users/yura/.m2/repository/org/opentest4j/opentest4j/1.3.0/opentest4j-1.3.0.jar:/Users/yura/.m2/repository/org/junit/platform/junit-platform-commons/1.11.0/junit-platform-commons-1.11.0.jar:/Users/yura/.m2/repository/org/apiguardian/apiguardian-api/1.1.2/apiguardian-api-1.1.2.jar:/Users/yura/.m2/repository/org/junit/jupiter/junit-jupiter-params/5.11.0/junit-jupiter-params-5.11.0.jar:/Users/yura/.m2/repository/org/junit/jupiter/junit-jupiter-engine/5.11.0/junit-jupiter-engine-5.11.0.jar:/Users/yura/.m2/repository/org/junit/platform/junit-platform-engine/1.11.0/junit-platform-engine-1.11.0.jar:/Users/yura/.m2/repository/com/google/code/gson/gson/2.11.0/gson-2.11.0.jar:/Users/yura/.m2/repository/com/google/errorprone/error_prone_annotations/2.27.0/error_prone_annotations-2.27.0.jar:/Users/yura/.m2/repository/org/eclipse/jetty/jetty-server/9.4.56.v20240826/jetty-server-9.4.56.v20240826.jar:/Users/yura/.m2/repository/javax/servlet/javax.servlet-api/3.1.0/javax.servlet-api-3.1.0.jar:/Users/yura/.m2/repository/org/eclipse/jetty/jetty-http/9.4.56.v20240826/jetty-http-9.4.56.v20240826.jar:/Users/yura/.m2/repository/org/eclipse/jetty/jetty-io/9.4.56.v20240826/jetty-io-9.4.56.v20240826.jar:/Users/yura/.m2/repository/org/eclipse/jetty/jetty-servlet/9.4.56.v20240826/jetty-servlet-9.4.56.v20240826.jar:/Users/yura/.m2/repository/org/eclipse/jetty/jetty-security/9.4.56.v20240826/jetty-security-9.4.56.v20240826.jar:/Users/yura/.m2/repository/org/eclipse/jetty/jetty-util-ajax/9.4.56.v20240826/jetty-util-ajax-9.4.56.v20240826.jar:/Users/yura/.m2/repository/org/eclipse/jetty/jetty-proxy/9.4.56.v20240826/jetty-proxy-9.4.56.v20240826.jar:/Users/yura/.m2/repository/org/eclipse/jetty/jetty-util/9.4.56.v20240826/jetty-util-9.4.56.v20240826.jar:/Users/yura/.m2/repository/org/eclipse/jetty/jetty-client/9.4.56.v20240826/jetty-client-9.4.56.v20240826.jar:/Users/yura/.m2/repository/org/jspecify/jspecify/1.0.0/jspecify-1.0.0.jar:"/>
    <property name="java.vm.vendor" value="Oracle Corporation"/>
    <property name="sun.arch.data.model" value="64"/>
    <property name="java.vendor.url" value="https://java.oracle.com/"/>
    <property name="user.timezone" value="Europe/Moscow"/>
    <property name="os.name" value="Mac OS X"/>
    <property name="java.vm.specification.version" value="21"/>
    <property name="sun.java.launcher" value="SUN_STANDARD"/>
    <property name="user.country" value="RU"/>
    <property name="sun.boot.library.path" value="/Library/Java/JavaVirtualMachines/jdk-21.jdk/Contents/Home/lib"/>
    <property name="sun.java.command" value="/Users/yura/workspace/Fuzz/target/surefire/surefirebooter-20241108113016282_3.jar /Users/yura/workspace/Fuzz/target/surefire 2024-11-08T11-30-15_400-jvmRun1 surefire-20241108113016282_1tmp surefire_0-20241108113016282_2tmp"/>
    <property name="jdk.debug" value="release"/>
    <property name="surefire.test.class.path" value="/Users/yura/workspace/Fuzz/target/test-classes:/Users/yura/workspace/Fuzz/target/classes:/Users/yura/.m2/repository/com/code-intelligence/jazzer/0.22.1/jazzer-0.22.1.jar:/Users/yura/.m2/repository/com/code-intelligence/jazzer-api/0.22.1/jazzer-api-0.22.1.jar:/Users/yura/.m2/repository/org/junit/jupiter/junit-jupiter/5.11.0/junit-jupiter-5.11.0.jar:/Users/yura/.m2/repository/org/junit/jupiter/junit-jupiter-api/5.11.0/junit-jupiter-api-5.11.0.jar:/Users/yura/.m2/repository/org/opentest4j/opentest4j/1.3.0/opentest4j-1.3.0.jar:/Users/yura/.m2/repository/org/junit/platform/junit-platform-commons/1.11.0/junit-platform-commons-1.11.0.jar:/Users/yura/.m2/repository/org/apiguardian/apiguardian-api/1.1.2/apiguardian-api-1.1.2.jar:/Users/yura/.m2/repository/org/junit/jupiter/junit-jupiter-params/5.11.0/junit-jupiter-params-5.11.0.jar:/Users/yura/.m2/repository/org/junit/jupiter/junit-jupiter-engine/5.11.0/junit-jupiter-engine-5.11.0.jar:/Users/yura/.m2/repository/org/junit/platform/junit-platform-engine/1.11.0/junit-platform-engine-1.11.0.jar:/Users/yura/.m2/repository/com/google/code/gson/gson/2.11.0/gson-2.11.0.jar:/Users/yura/.m2/repository/com/google/errorprone/error_prone_annotations/2.27.0/error_prone_annotations-2.27.0.jar:/Users/yura/.m2/repository/org/eclipse/jetty/jetty-server/9.4.56.v20240826/jetty-server-9.4.56.v20240826.jar:/Users/yura/.m2/repository/javax/servlet/javax.servlet-api/3.1.0/javax.servlet-api-3.1.0.jar:/Users/yura/.m2/repository/org/eclipse/jetty/jetty-http/9.4.56.v20240826/jetty-http-9.4.56.v20240826.jar:/Users/yura/.m2/repository/org/eclipse/jetty/jetty-io/9.4.56.v20240826/jetty-io-9.4.56.v20240826.jar:/Users/yura/.m2/repository/org/eclipse/jetty/jetty-servlet/9.4.56.v20240826/jetty-servlet-9.4.56.v20240826.jar:/Users/yura/.m2/repository/org/eclipse/jetty/jetty-security/9.4.56.v20240826/jetty-security-9.4.56.v20240826.jar:/Users/yura/.m2/repository/org/eclipse/jetty/jetty-util-ajax/9.4.56.v20240826/jetty-util-ajax-9.4.56.v20240826.jar:/Users/yura/.m2/repository/org/eclipse/jetty/jetty-proxy/9.4.56.v20240826/jetty-proxy-9.4.56.v20240826.jar:/Users/yura/.m2/repository/org/eclipse/jetty/jetty-util/9.4.56.v20240826/jetty-util-9.4.56.v20240826.jar:/Users/yura/.m2/repository/org/eclipse/jetty/jetty-client/9.4.56.v20240826/jetty-client-9.4.56.v20240826.jar:/Users/yura/.m2/repository/org/jspecify/jspecify/1.0.0/jspecify-1.0.0.jar:"/>
    <property name="sun.cpu.endian" value="little"/>
    <property name="user.home" value="/Users/yura"/>
    <property name="user.language" value="ru"/>
    <property name="jdk.http.auth.tunneling.disabledSchemes" value=""/>
    <property name="java.specification.vendor" value="Oracle Corporation"/>
    <property name="java.version.date" value="2024-01-16"/>
    <property name="java.home" value="/Library/Java/JavaVirtualMachines/jdk-21.jdk/Contents/Home"/>
    <property name="file.separator" value="/"/>
    <property name="basedir" value="/Users/yura/workspace/Fuzz"/>
    <property name="java.vm.compressedOopsMode" value="Zero based"/>
    <property name="line.separator" value="&#10;"/>
    <property name="java.specification.name" value="Java Platform API Specification"/>
    <property name="java.vm.specification.vendor" value="Oracle Corporation"/>
    <property name="apple.awt.application.name" value="ForkedBooter"/>
    <property name="surefire.real.class.path" value="/Users/yura/workspace/Fuzz/target/surefire/surefirebooter-20241108113016282_3.jar"/>
    <property name="sun.management.compiler" value="HotSpot 64-Bit Tiered Compilers"/>
    <property name="java.runtime.version" value="21.0.2+13-LTS-58"/>
    <property name="user.name" value="yura"/>
    <property name="stdout.encoding" value="UTF-8"/>
    <property name="path.separator" value=":"/>
    <property name="os.version" value="15.1"/>
    <property name="java.runtime.name" value="Java(TM) SE Runtime Environment"/>
    <property name="file.encoding" value="UTF-8"/>
    <property name="sun.net.http.allowRestrictedHeaders" value="true"/>
    <property name="java.vm.name" value="Java HotSpot(TM) 64-Bit Server VM"/>
    <property name="localRepository" value="/Users/yura/.m2/repository"/>
    <property name="java.vendor.url.bug" value="https://bugreport.java.com/bugreport/"/>
    <property name="jetty.git.hash" value="ec6782ff5ead824dabdcf47fa98f90a4aedff401"/>
    <property name="java.io.tmpdir" value="/var/folders/dh/xsz4v51j4sj_zpy4gvxzsk9w0000gn/T/"/>
    <property name="java.version" value="21.0.2"/>
    <property name="user.dir" value="/Users/yura/workspace/Fuzz"/>
    <property name="os.arch" value="aarch64"/>
    <property name="java.vm.specification.name" value="Java Virtual Machine Specification"/>
    <property name="native.encoding" value="UTF-8"/>
    <property name="java.library.path" value="/Users/yura/Library/Java/Extensions:/Library/Java/Extensions:/Network/Library/Java/Extensions:/System/Library/Java/Extensions:/usr/lib/java:."/>
    <property name="java.vm.info" value="mixed mode, sharing"/>
    <property name="stderr.encoding" value="UTF-8"/>
    <property name="java.vendor" value="Oracle Corporation"/>
    <property name="java.vm.version" value="21.0.2+13-LTS-58"/>
    <property name="sun.io.unicode.encoding" value="UnicodeBig"/>
    <property name="java.class.version" value="65.0"/>
  </properties>
  <testcase name="testOutputEncoding" classname="org.jsoup.nodes.DocumentTest" time="0.0"/>
  <testcase name="testMetaCharsetUpdateDisabledNoChanges" classname="org.jsoup.nodes.DocumentTest" time="0.001"/>
  <testcase name="testOverflowClone" classname="org.jsoup.nodes.DocumentTest" time="0.388"/>
  <testcase name="testBasicIndent" classname="org.jsoup.nodes.DocumentTest" time="0.001"/>
  <testcase name="testHtmlAppendable" classname="org.jsoup.nodes.DocumentTest" time="0.0"/>
  <testcase name="testLocation" classname="org.jsoup.nodes.DocumentTest" time="0.001"/>
  <testcase name="testClonesDeclarations" classname="org.jsoup.nodes.DocumentTest" time="0.0"/>
  <testcase name="testClone" classname="org.jsoup.nodes.DocumentTest" time="0.001"/>
  <testcase name="accessorsWillNormalizeStructure" classname="org.jsoup.nodes.DocumentTest" time="0.0"/>
  <testcase name="testShiftJisRoundtrip" classname="org.jsoup.nodes.DocumentTest" time="0.007"/>
  <testcase name="testNormalisesStructure" classname="org.jsoup.nodes.DocumentTest" time="0.0"/>
  <testcase name="testXhtmlReferences" classname="org.jsoup.nodes.DocumentTest" time="0.001"/>
  <testcase name="testMetaCharsetUpdateXmlNoCharset" classname="org.jsoup.nodes.DocumentTest" time="0.0"/>
  <testcase name="testMetaCharsetUpdateUtf8" classname="org.jsoup.nodes.DocumentTest" time="0.0"/>
  <testcase name="expectForm" classname="org.jsoup.nodes.DocumentTest" time="0.001"/>
  <testcase name="testMetaCharsetUpdateEnabledAfterCharsetChange" classname="org.jsoup.nodes.DocumentTest" time="0.001"/>
  <testcase name="testMetaCharsetUpdateDisabled" classname="org.jsoup.nodes.DocumentTest" time="0.0"/>
  <testcase name="testMetaCharsetUpdateXmlDisabled" classname="org.jsoup.nodes.DocumentTest" time="0.0"/>
  <testcase name="testMetaCharsetUpdateCleanup" classname="org.jsoup.nodes.DocumentTest" time="0.0"/>
  <testcase name="forms" classname="org.jsoup.nodes.DocumentTest" time="0.001"/>
  <testcase name="DocumentsWithSameContentAreEqual" classname="org.jsoup.nodes.DocumentTest" time="0.0"/>
  <testcase name="testMetaCharsetUpdatedDisabledPerDefault" classname="org.jsoup.nodes.DocumentTest" time="0.0"/>
  <testcase name="testMetaCharsetUpdateXmlIso8859" classname="org.jsoup.nodes.DocumentTest" time="0.001"/>
  <testcase name="parseAndHtmlOnDifferentThreads" classname="org.jsoup.nodes.DocumentTest" time="0.0"/>
  <testcase name="testMetaCharsetUpdateNoCharset" classname="org.jsoup.nodes.DocumentTest" time="0.001"/>
  <testcase name="DocumentsWithSameContentAreVerifiable" classname="org.jsoup.nodes.DocumentTest" time="0.0"/>
  <testcase name="setTextPreservesDocumentStructure" classname="org.jsoup.nodes.DocumentTest" time="0.0"/>
  <testcase name="htmlParseDefaultsToHtmlOutputSyntax" classname="org.jsoup.nodes.DocumentTest" time="0.0"/>
  <testcase name="testLocationFromString" classname="org.jsoup.nodes.DocumentTest" time="0.0"/>
  <testcase name="testMetaCharsetUpdateIso8859" classname="org.jsoup.nodes.DocumentTest" time="0.0"/>
  <testcase name="testMetaCharsetUpdateXmlUtf8" classname="org.jsoup.nodes.DocumentTest" time="0.0"/>
  <testcase name="testHtmlAndXmlSyntax" classname="org.jsoup.nodes.DocumentTest" time="0.0"/>
  <testcase name="accessorsAreCaseInsensitive" classname="org.jsoup.nodes.DocumentTest" time="0.0"/>
  <testcase name="testTitles" classname="org.jsoup.nodes.DocumentTest" time="0.0"/>
  <testcase name="testMetaCharsetUpdateXmlDisabledNoChanges" classname="org.jsoup.nodes.DocumentTest" time="0.0"/>
  <testcase name="framesetSupportsBodyMethod" classname="org.jsoup.nodes.DocumentTest" time="0.001"/>
  <testcase name="testDocumentTypeGet" classname="org.jsoup.nodes.DocumentTest" time="0.0"/>
</testsuite>