<?xml version="1.0" encoding="UTF-8"?>
<testsuite xmlns:xsi="http://www.w3.org/2001/XMLSchema-instance" xsi:noNamespaceSchemaLocation="https://maven.apache.org/surefire/maven-surefire-plugin/xsd/surefire-test-report.xsd" version="3.0.2" name="org.jsoup.nodes.ElementTest" time="0.455" tests="210" errors="0" skipped="0" failures="0">
  <properties>
    <property name="java.specification.version" value="21"/>
    <property name="sun.jnu.encoding" value="UTF-8"/>
    <property name="java.class.path" value="/Users/yura/workspace/Fuzz/target/test-classes:/Users/yura/workspace/Fuzz/target/classes:/Users/yura/.m2/repository/com/code-intelligence/jazzer/0.22.1/jazzer-0.22.1.jar:/Users/yura/.m2/repository/com/code-intelligence/jazzer-api/0.22.1/jazzer-api-0.22.1.jar:/Users/yura/.m2/repository/org/junit/jupiter/junit-jupiter/5.11.0/junit-jupiter-5.11.0.jar:/Users/yura/.m2/repository/org/junit/jupiter/junit-jupiter-api/5.11.0/junit-jupiter-api-5.11.0.jar:/Users/yura/.m2/repository/org/opentest4j/opentest4j/1.3.0/opentest4j-1.3.0.jar:/Users/yura/.m2/repository/org/junit/platform/junit-platform-commons/1.11.0/junit-platform-commons-1.11.0.jar:/Users/yura/.m2/repository/org/apiguardian/apiguardian-api/1.1.2/apiguardian-api-1.1.2.jar:/Users/yura/.m2/repository/org/junit/jupiter/junit-jupiter-params/5.11.0/junit-jupiter-params-5.11.0.jar:/Users/yura/.m2/repository/org/junit/jupiter/junit-jupiter-engine/5.11.0/junit-jupiter-engine-5.11.0.jar:/Users/yura/.m2/repository/org/junit/platform/junit-platform-engine/1.11.0/junit-platform-engine-1.11.0.jar:/Users/yura/.m2/repository/com/google/code/gson/gson/2.11.0/gson-2.11.0.jar:/Users/yura/.m2/repository/com/google/errorprone/error_prone_annotations/2.27.0/error_prone_annotations-2.27.0.jar:/Users/yura/.m2/repository/org/eclipse/jetty/jetty-server/9.4.56.v20240826/jetty-server-9.4.56.v20240826.jar:/Users/yura/.m2/repository/javax/servlet/javax.servlet-api/3.1.0/javax.servlet-api-3.1.0.jar:/Users/yura/.m2/repository/org/eclipse/jetty/jetty-http/9.4.56.v20240826/jetty-http-9.4.56.v20240826.jar:/Users/yura/.m2/repository/org/eclipse/jetty/jetty-io/9.4.56.v20240826/jetty-io-9.4.56.v20240826.jar:/Users/yura/.m2/repository/org/eclipse/jetty/jetty-servlet/9.4.56.v20240826/jetty-servlet-9.4.56.v20240826.jar:/Users/yura/.m2/repository/org/eclipse/jetty/jetty-security/9.4.56.v20240826/jetty-security-9.4.56.v20240826.jar:/Users/yura/.m2/repository/org/eclipse/jetty/jetty-util-ajax/9.4.56.v20240826/jetty-util-ajax-9.4.56.v20240826.jar:/Users/yura/.m2/repository/org/eclipse/jetty/jetty-proxy/9.4.56.v20240826/jetty-proxy-9.4.56.v20240826.jar:/Users/yura/.m2/repository/org/eclipse/jetty/jetty-util/9.4.56.v20240826/jetty-util-9.4.56.v20240826.jar:/Users/yura/.m2/repository/org/eclipse/jetty/jetty-client/9.4.56.v20240826/jetty-client-9.4.56.v20240826.jar:/Users/yura/.m2/repository/org/jspecify/jspecify/1.0.0/jspecify-1.0.0.jar:"/>
    <property name="java.vm.vendor" value="Oracle Corporation"/>
    <property name="sun.arch.data.model" value="64"/>
    <property name="java.vendor.url" value="https://java.oracle.com/"/>
    <property name="os.name" value="Mac OS X"/>
    <property name="java.vm.specification.version" value="21"/>
    <property name="sun.java.launcher" value="SUN_STANDARD"/>
    <property name="user.country" value="RU"/>
    <property name="sun.boot.library.path" value="/Library/Java/JavaVirtualMachines/jdk-21.jdk/Contents/Home/lib"/>
    <property name="sun.java.command" value="/Users/yura/workspace/Fuzz/target/surefire/surefirebooter-20241108113016282_3.jar /Users/yura/workspace/Fuzz/target/surefire 2024-11-08T11-30-15_400-jvmRun1 surefire-20241108113016282_1tmp surefire_0-20241108113016282_2tmp"/>
    <property name="jdk.debug" value="release"/>
    <property name="surefire.test.class.path" value="/Users/yura/workspace/Fuzz/target/test-classes:/Users/yura/workspace/Fuzz/target/classes:/Users/yura/.m2/repository/com/code-intelligence/jazzer/0.22.1/jazzer-0.22.1.jar:/Users/yura/.m2/repository/com/code-intelligence/jazzer-api/0.22.1/jazzer-api-0.22.1.jar:/Users/yura/.m2/repository/org/junit/jupiter/junit-jupiter/5.11.0/junit-jupiter-5.11.0.jar:/Users/yura/.m2/repository/org/junit/jupiter/junit-jupiter-api/5.11.0/junit-jupiter-api-5.11.0.jar:/Users/yura/.m2/repository/org/opentest4j/opentest4j/1.3.0/opentest4j-1.3.0.jar:/Users/yura/.m2/repository/org/junit/platform/junit-platform-commons/1.11.0/junit-platform-commons-1.11.0.jar:/Users/yura/.m2/repository/org/apiguardian/apiguardian-api/1.1.2/apiguardian-api-1.1.2.jar:/Users/yura/.m2/repository/org/junit/jupiter/junit-jupiter-params/5.11.0/junit-jupiter-params-5.11.0.jar:/Users/yura/.m2/repository/org/junit/jupiter/junit-jupiter-engine/5.11.0/junit-jupiter-engine-5.11.0.jar:/Users/yura/.m2/repository/org/junit/platform/junit-platform-engine/1.11.0/junit-platform-engine-1.11.0.jar:/Users/yura/.m2/repository/com/google/code/gson/gson/2.11.0/gson-2.11.0.jar:/Users/yura/.m2/repository/com/google/errorprone/error_prone_annotations/2.27.0/error_prone_annotations-2.27.0.jar:/Users/yura/.m2/repository/org/eclipse/jetty/jetty-server/9.4.56.v20240826/jetty-server-9.4.56.v20240826.jar:/Users/yura/.m2/repository/javax/servlet/javax.servlet-api/3.1.0/javax.servlet-api-3.1.0.jar:/Users/yura/.m2/repository/org/eclipse/jetty/jetty-http/9.4.56.v20240826/jetty-http-9.4.56.v20240826.jar:/Users/yura/.m2/repository/org/eclipse/jetty/jetty-io/9.4.56.v20240826/jetty-io-9.4.56.v20240826.jar:/Users/yura/.m2/repository/org/eclipse/jetty/jetty-servlet/9.4.56.v20240826/jetty-servlet-9.4.56.v20240826.jar:/Users/yura/.m2/repository/org/eclipse/jetty/jetty-security/9.4.56.v20240826/jetty-security-9.4.56.v20240826.jar:/Users/yura/.m2/repository/org/eclipse/jetty/jetty-util-ajax/9.4.56.v20240826/jetty-util-ajax-9.4.56.v20240826.jar:/Users/yura/.m2/repository/org/eclipse/jetty/jetty-proxy/9.4.56.v20240826/jetty-proxy-9.4.56.v20240826.jar:/Users/yura/.m2/repository/org/eclipse/jetty/jetty-util/9.4.56.v20240826/jetty-util-9.4.56.v20240826.jar:/Users/yura/.m2/repository/org/eclipse/jetty/jetty-client/9.4.56.v20240826/jetty-client-9.4.56.v20240826.jar:/Users/yura/.m2/repository/org/jspecify/jspecify/1.0.0/jspecify-1.0.0.jar:"/>
    <property name="sun.cpu.endian" value="little"/>
    <property name="user.home" value="/Users/yura"/>
    <property name="user.language" value="ru"/>
    <property name="java.specification.vendor" value="Oracle Corporation"/>
    <property name="java.version.date" value="2024-01-16"/>
    <property name="java.home" value="/Library/Java/JavaVirtualMachines/jdk-21.jdk/Contents/Home"/>
    <property name="file.separator" value="/"/>
    <property name="basedir" value="/Users/yura/workspace/Fuzz"/>
    <property name="java.vm.compressedOopsMode" value="Zero based"/>
    <property name="line.separator" value="&#10;"/>
    <property name="java.specification.name" value="Java Platform API Specification"/>
    <property name="java.vm.specification.vendor" value="Oracle Corporation"/>
    <property name="apple.awt.application.name" value="ForkedBooter"/>
    <property name="surefire.real.class.path" value="/Users/yura/workspace/Fuzz/target/surefire/surefirebooter-20241108113016282_3.jar"/>
    <property name="sun.management.compiler" value="HotSpot 64-Bit Tiered Compilers"/>
    <property name="java.runtime.version" value="21.0.2+13-LTS-58"/>
    <property name="user.name" value="yura"/>
    <property name="stdout.encoding" value="UTF-8"/>
    <property name="path.separator" value=":"/>
    <property name="os.version" value="15.1"/>
    <property name="java.runtime.name" value="Java(TM) SE Runtime Environment"/>
    <property name="file.encoding" value="UTF-8"/>
    <property name="java.vm.name" value="Java HotSpot(TM) 64-Bit Server VM"/>
    <property name="localRepository" value="/Users/yura/.m2/repository"/>
    <property name="java.vendor.url.bug" value="https://bugreport.java.com/bugreport/"/>
    <property name="java.io.tmpdir" value="/var/folders/dh/xsz4v51j4sj_zpy4gvxzsk9w0000gn/T/"/>
    <property name="java.version" value="21.0.2"/>
    <property name="user.dir" value="/Users/yura/workspace/Fuzz"/>
    <property name="os.arch" value="aarch64"/>
    <property name="java.vm.specification.name" value="Java Virtual Machine Specification"/>
    <property name="native.encoding" value="UTF-8"/>
    <property name="java.library.path" value="/Users/yura/Library/Java/Extensions:/Library/Java/Extensions:/Network/Library/Java/Extensions:/System/Library/Java/Extensions:/usr/lib/java:."/>
    <property name="java.vm.info" value="mixed mode, sharing"/>
    <property name="stderr.encoding" value="UTF-8"/>
    <property name="java.vendor" value="Oracle Corporation"/>
    <property name="java.vm.version" value="21.0.2+13-LTS-58"/>
    <property name="sun.io.unicode.encoding" value="UnicodeBig"/>
    <property name="java.class.version" value="65.0"/>
  </properties>
  <testcase name="testFormatOutline" classname="org.jsoup.nodes.ElementTest" time="0.0"/>
  <testcase name="inlineInBlockShouldIndent" classname="org.jsoup.nodes.ElementTest" time="0.0"/>
  <testcase name="moveChildrenToOuter" classname="org.jsoup.nodes.ElementTest" time="0.001"/>
  <testcase name="attributeSizeDoesNotAutoVivify" classname="org.jsoup.nodes.ElementTest" time="0.0"/>
  <testcase name="doesNotWrapBlocksInPre" classname="org.jsoup.nodes.ElementTest" time="0.001"/>
  <testcase name="parentlessToString" classname="org.jsoup.nodes.ElementTest" time="0.001"/>
  <testcase name="cssSelectorWithBracket" classname="org.jsoup.nodes.ElementTest" time="0.001"/>
  <testcase name="insertChildrenValidation" classname="org.jsoup.nodes.ElementTest" time="0.0"/>
  <testcase name="testBrHasSpaceCaseSensitive" classname="org.jsoup.nodes.ElementTest" time="0.0"/>
  <testcase name="testNotActuallyAReparent" classname="org.jsoup.nodes.ElementTest" time="0.001"/>
  <testcase name="cssSelectorDoesntStackOverflow" classname="org.jsoup.nodes.ElementTest" time="0.335"/>
  <testcase name="testBasicFormats" classname="org.jsoup.nodes.ElementTest" time="0.001"/>
  <testcase name="appendNodes" classname="org.jsoup.nodes.ElementTest" time="0.001"/>
  <testcase name="insertChildrenArgumentValidation" classname="org.jsoup.nodes.ElementTest" time="0.001"/>
  <testcase name="cssSelectorNoParent" classname="org.jsoup.nodes.ElementTest" time="0.0"/>
  <testcase name="testPrependElement" classname="org.jsoup.nodes.ElementTest" time="0.0"/>
  <testcase name="testOuterHtml" classname="org.jsoup.nodes.ElementTest" time="0.001"/>
  <testcase name="testHashcodeIsStableWithContentChanges" classname="org.jsoup.nodes.ElementTest" time="0.0"/>
  <testcase name="elementByTagName" classname="org.jsoup.nodes.ElementTest" time="0.001"/>
  <testcase name="doesntDeleteZWJWhenNormalizingText" classname="org.jsoup.nodes.ElementTest" time="0.0"/>
  <testcase name="testClonesClassnames" classname="org.jsoup.nodes.ElementTest" time="0.0"/>
  <testcase name="spanInBlockTrims" classname="org.jsoup.nodes.ElementTest" time="0.001"/>
  <testcase name="appendMustCorrectlyMoveChildrenInsideOneParentElement" classname="org.jsoup.nodes.ElementTest" time="0.0"/>
  <testcase name="elementBrText" classname="org.jsoup.nodes.ElementTest" time="0.0"/>
  <testcase name="before" classname="org.jsoup.nodes.ElementTest" time="0.001"/>
  <testcase name="getElementsByAttributeValueMatchingPattern" classname="org.jsoup.nodes.ElementTest" time="0.0"/>
  <testcase name="testChildSizeWithMixedContent" classname="org.jsoup.nodes.ElementTest" time="0.001"/>
  <testcase name="testWrapNoop" classname="org.jsoup.nodes.ElementTest" time="0.0"/>
  <testcase name="testRemoveBeforeIndex" classname="org.jsoup.nodes.ElementTest" time="0.0"/>
  <testcase name="testChainedRemoveAttributes" classname="org.jsoup.nodes.ElementTest" time="0.001"/>
  <testcase name="nextElementSibling" classname="org.jsoup.nodes.ElementTest" time="0.0"/>
  <testcase name="booleanAttributeOutput" classname="org.jsoup.nodes.ElementTest" time="0.0"/>
  <testcase name="emptyDetachesChildren" classname="org.jsoup.nodes.ElementTest" time="0.0"/>
  <testcase name="testAddNewHtml" classname="org.jsoup.nodes.ElementTest" time="0.0"/>
  <testcase name="testAddNewText" classname="org.jsoup.nodes.ElementTest" time="0.001"/>
  <testcase name="testCssPathDuplicateIds" classname="org.jsoup.nodes.ElementTest" time="0.004"/>
  <testcase name="getElementsByAttributeValueMatching" classname="org.jsoup.nodes.ElementTest" time="0.001"/>
  <testcase name="testPreviousElementSiblings" classname="org.jsoup.nodes.ElementTest" time="0.0"/>
  <testcase name="testGetElementById" classname="org.jsoup.nodes.ElementTest" time="0.001"/>
  <testcase name="accessorsDoNotVivifyAttributes" classname="org.jsoup.nodes.ElementTest" time="0.0"/>
  <testcase name="testClone" classname="org.jsoup.nodes.ElementTest" time="0.001"/>
  <testcase name="testSetId" classname="org.jsoup.nodes.ElementTest" time="0.0"/>
  <testcase name="testHtmlContainsOuter" classname="org.jsoup.nodes.ElementTest" time="0.001"/>
  <testcase name="testClassDomMethods" classname="org.jsoup.nodes.ElementTest" time="0.0"/>
  <testcase name="testRoot" classname="org.jsoup.nodes.ElementTest" time="0.0"/>
  <testcase name="testWrap" classname="org.jsoup.nodes.ElementTest" time="0.0"/>
  <testcase name="testNamespacedElements" classname="org.jsoup.nodes.ElementTest" time="0.001"/>
  <testcase name="cssSelectorNoDoc" classname="org.jsoup.nodes.ElementTest" time="0.0"/>
  <testcase name="testForEach" classname="org.jsoup.nodes.ElementTest" time="0.001"/>
  <testcase name="getElementsByAttributeValueEnding" classname="org.jsoup.nodes.ElementTest" time="0.0"/>
  <testcase name="testClassNames" classname="org.jsoup.nodes.ElementTest" time="0.001"/>
  <testcase name="testExpectFirstMessage" classname="org.jsoup.nodes.ElementTest" time="0.0"/>
  <testcase name="testWrapWithSimpleRemainder" classname="org.jsoup.nodes.ElementTest" time="0.0"/>
  <testcase name="loopMoveChildren" classname="org.jsoup.nodes.ElementTest" time="0.0"/>
  <testcase name="testElementSiblingIndex" classname="org.jsoup.nodes.ElementTest" time="0.0"/>
  <testcase name="select" classname="org.jsoup.nodes.ElementTest" time="0.0"/>
  <testcase name="testId" classname="org.jsoup.nodes.ElementTest" time="0.0"/>
  <testcase name="testIs" classname="org.jsoup.nodes.ElementTest" time="0.001"/>
  <testcase name="testEvalMethods" classname="org.jsoup.nodes.ElementTest" time="0.0"/>
  <testcase name="testEmptyElementFormatHtml" classname="org.jsoup.nodes.ElementTest" time="0.0"/>
  <testcase name="getElementsByAttributeValueNot" classname="org.jsoup.nodes.ElementTest" time="0.0"/>
  <testcase name="rubyInline" classname="org.jsoup.nodes.ElementTest" time="0.0"/>
  <testcase name="testLoopedRemoveAttributes" classname="org.jsoup.nodes.ElementTest" time="0.001"/>
  <testcase name="prettyprintBrWhenNotFirstChild" classname="org.jsoup.nodes.ElementTest" time="0.0"/>
  <testcase name="testShadowElementsAreUpdated" classname="org.jsoup.nodes.ElementTest" time="0.0"/>
  <testcase name="testFirstElementSiblingOnOrphan" classname="org.jsoup.nodes.ElementTest" time="0.0"/>
  <testcase name="testKeepsPreTextAtDepth" classname="org.jsoup.nodes.ElementTest" time="0.0"/>
  <testcase name="datanodesOutputCdataInXhtml" classname="org.jsoup.nodes.ElementTest" time="0.005"/>
  <testcase name="getElementsByAttributeValueContaining" classname="org.jsoup.nodes.ElementTest" time="0.001"/>
  <testcase name="testGetElementsWithAttribute" classname="org.jsoup.nodes.ElementTest" time="0.0"/>
  <testcase name="datanodesOutputExistingCdataInXhtml" classname="org.jsoup.nodes.ElementTest" time="0.001"/>
  <testcase name="testNoIndentOnScriptAndStyle" classname="org.jsoup.nodes.ElementTest" time="0.0"/>
  <testcase name="orphanDivToString" classname="org.jsoup.nodes.ElementTest" time="0.0"/>
  <testcase name="testAppendRowToTable" classname="org.jsoup.nodes.ElementTest" time="0.0"/>
  <testcase name="testGetElementsWithClass" classname="org.jsoup.nodes.ElementTest" time="0.0"/>
  <testcase name="testShallowClone" classname="org.jsoup.nodes.ElementTest" time="0.0"/>
  <testcase name="testWrapWithRemainder" classname="org.jsoup.nodes.ElementTest" time="0.001"/>
  <testcase name="testClearAttributes" classname="org.jsoup.nodes.ElementTest" time="0.0"/>
  <testcase name="prettyprintBrInBlock" classname="org.jsoup.nodes.ElementTest" time="0.001"/>
  <testcase name="testKeepsPreTextInCode" classname="org.jsoup.nodes.ElementTest" time="0.0"/>
  <testcase name="testHasClassDomMethods" classname="org.jsoup.nodes.ElementTest" time="0.0"/>
  <testcase name="testWrapOnOrphan" classname="org.jsoup.nodes.ElementTest" time="0.001"/>
  <testcase name="testGetParents" classname="org.jsoup.nodes.ElementTest" time="0.0"/>
  <testcase name="testGetText" classname="org.jsoup.nodes.ElementTest" time="0.0"/>
  <testcase name="wholeTextRuns" classname="org.jsoup.nodes.ElementTest" time="0.0"/>
  <testcase name="testPrettyWithEnDashBody" classname="org.jsoup.nodes.ElementTest" time="0.0"/>
  <testcase name="getElementsByTagName" classname="org.jsoup.nodes.ElementTest" time="0.001"/>
  <testcase name="replaceWithSelf" classname="org.jsoup.nodes.ElementTest" time="0.0"/>
  <testcase name="getElementsMatchingOwnText" classname="org.jsoup.nodes.ElementTest" time="0.0"/>
  <testcase name="testFormatHtml" classname="org.jsoup.nodes.ElementTest" time="0.001"/>
  <testcase name="testGetElementsWithAttributeValue" classname="org.jsoup.nodes.ElementTest" time="0.0"/>
  <testcase name="cssSelectorUnbalanced" classname="org.jsoup.nodes.ElementTest" time="0.001"/>
  <testcase name="prettySerializationRoundTrips(OutputSettings)[1]" classname="org.jsoup.nodes.ElementTest" time="0.004"/>
  <testcase name="prettySerializationRoundTrips(OutputSettings)[2]" classname="org.jsoup.nodes.ElementTest" time="0.0"/>
  <testcase name="prettySerializationRoundTrips(OutputSettings)[3]" classname="org.jsoup.nodes.ElementTest" time="0.001"/>
  <testcase name="prettySerializationRoundTrips(OutputSettings)[4]" classname="org.jsoup.nodes.ElementTest" time="0.0"/>
  <testcase name="testExpectFirstMessageDoc" classname="org.jsoup.nodes.ElementTest" time="0.001"/>
  <testcase name="getElementsByAttributeValueStarting" classname="org.jsoup.nodes.ElementTest" time="0.0"/>
  <testcase name="testWholeText" classname="org.jsoup.nodes.ElementTest" time="0.0"/>
  <testcase name="testGetElementsWithAttributeDash" classname="org.jsoup.nodes.ElementTest" time="0.001"/>
  <testcase name="emptyAndAddPreviousChild" classname="org.jsoup.nodes.ElementTest" time="0.0"/>
  <testcase name="testManipulateTextNodes" classname="org.jsoup.nodes.ElementTest" time="0.0"/>
  <testcase name="getElementsByAttributeValueMatchingValidation" classname="org.jsoup.nodes.ElementTest" time="0.001"/>
  <testcase name="testChildThrowsIndexOutOfBoundsOnMissing" classname="org.jsoup.nodes.ElementTest" time="0.001"/>
  <testcase name="testPrependRowToTable" classname="org.jsoup.nodes.ElementTest" time="0.0"/>
  <testcase name="testFirstAndLastSiblings" classname="org.jsoup.nodes.ElementTest" time="0.001"/>
  <testcase name="testGetTextNodes" classname="org.jsoup.nodes.ElementTest" time="0.0"/>
  <testcase name="clonedElementsHaveOwnerDocsAndIndependentSettings" classname="org.jsoup.nodes.ElementTest" time="0.0"/>
  <testcase name="attribute" classname="org.jsoup.nodes.ElementTest" time="0.001"/>
  <testcase name="cssEscapedAmp" classname="org.jsoup.nodes.ElementTest" time="0.0"/>
  <testcase name="after" classname="org.jsoup.nodes.ElementTest" time="0.0"/>
  <testcase name="testContainerOutput" classname="org.jsoup.nodes.ElementTest" time="0.0"/>
  <testcase name="wrapTextAfterBr" classname="org.jsoup.nodes.ElementTest" time="0.0"/>
  <testcase name="testInnerHtml" classname="org.jsoup.nodes.ElementTest" time="0.0"/>
  <testcase name="getElementsContainingOwnText" classname="org.jsoup.nodes.ElementTest" time="0.0"/>
  <testcase name="divAInlineable" classname="org.jsoup.nodes.ElementTest" time="0.0"/>
  <testcase name="doctypeIsPrettyPrinted" classname="org.jsoup.nodes.ElementTest" time="0.001"/>
  <testcase name="testHasText" classname="org.jsoup.nodes.ElementTest" time="0.0"/>
  <testcase name="spanRunsMaintainSpace" classname="org.jsoup.nodes.ElementTest" time="0.0"/>
  <testcase name="emptyAndAddPreviousDescendant" classname="org.jsoup.nodes.ElementTest" time="0.0"/>
  <testcase name="testRemoveAttr" classname="org.jsoup.nodes.ElementTest" time="0.0"/>
  <testcase name="textHasSpaceBetweenDivAndCenterTags" classname="org.jsoup.nodes.ElementTest" time="0.001"/>
  <testcase name="textnodeInBlockIndent" classname="org.jsoup.nodes.ElementTest" time="0.001"/>
  <testcase name="getElementsMatchingOwnTextValidation" classname="org.jsoup.nodes.ElementTest" time="0.0"/>
  <testcase name="testClosest" classname="org.jsoup.nodes.ElementTest" time="0.001"/>
  <testcase name="textHasSpacesAfterBlock" classname="org.jsoup.nodes.ElementTest" time="0.0"/>
  <testcase name="preformatFlowsToChildTextNodes" classname="org.jsoup.nodes.ElementTest" time="0.0"/>
  <testcase name="elementIndentAndSpaceTrims" classname="org.jsoup.nodes.ElementTest" time="0.001"/>
  <testcase name="testWrapArtificialStructure" classname="org.jsoup.nodes.ElementTest" time="0.0"/>
  <testcase name="testGetDataNodes" classname="org.jsoup.nodes.ElementTest" time="0.0"/>
  <testcase name="testCssPath" classname="org.jsoup.nodes.ElementTest" time="0.001"/>
  <testcase name="hasText" classname="org.jsoup.nodes.ElementTest" time="0.0"/>
  <testcase name="testSetHtmlTitle" classname="org.jsoup.nodes.ElementTest" time="0.001"/>
  <testcase name="testChildrenElements" classname="org.jsoup.nodes.ElementTest" time="0.0"/>
  <testcase name="testShallowCloneToString" classname="org.jsoup.nodes.ElementTest" time="0.001"/>
  <testcase name="moveByAppend" classname="org.jsoup.nodes.ElementTest" time="0.0"/>
  <testcase name="testNormalisesText" classname="org.jsoup.nodes.ElementTest" time="0.0"/>
  <testcase name="testPrettyAndOutlineWithEnDashBody" classname="org.jsoup.nodes.ElementTest" time="0.001"/>
  <testcase name="testClassUpdates" classname="org.jsoup.nodes.ElementTest" time="0.0"/>
  <testcase name="testExpectFirst" classname="org.jsoup.nodes.ElementTest" time="0.0"/>
  <testcase name="testAddNewElement" classname="org.jsoup.nodes.ElementTest" time="0.001"/>
  <testcase name="testNotPrettyWithEnDashBody" classname="org.jsoup.nodes.ElementTest" time="0.0"/>
  <testcase name="testHashAndEqualsAndValue" classname="org.jsoup.nodes.ElementTest" time="0.001"/>
  <testcase name="testElementSiblingIndexSameContent" classname="org.jsoup.nodes.ElementTest" time="0.0"/>
  <testcase name="testGetChildText" classname="org.jsoup.nodes.ElementTest" time="0.0"/>
  <testcase name="testRelativeUrls" classname="org.jsoup.nodes.ElementTest" time="0.0"/>
  <testcase name="testSetIndent" classname="org.jsoup.nodes.ElementTest" time="0.001"/>
  <testcase name="outerHtmlAppendable" classname="org.jsoup.nodes.ElementTest" time="0.0"/>
  <testcase name="cssSelectorWithPipe" classname="org.jsoup.nodes.ElementTest" time="0.001"/>
  <testcase name="childNodesAccessorDoesNotVivify" classname="org.jsoup.nodes.ElementTest" time="0.0"/>
  <testcase name="testThrowsOnAddNullText" classname="org.jsoup.nodes.ElementTest" time="0.001"/>
  <testcase name="getElementsByIndexEquals" classname="org.jsoup.nodes.ElementTest" time="0.0"/>
  <testcase name="getElementsMatchingText" classname="org.jsoup.nodes.ElementTest" time="0.001"/>
  <testcase name="testGetSiblingsWithDuplicateContent" classname="org.jsoup.nodes.ElementTest" time="0.0"/>
  <testcase name="testNormalizesInvisiblesInText" classname="org.jsoup.nodes.ElementTest" time="0.001"/>
  <testcase name="nestedFormatAsInlinePrintsAsBlock" classname="org.jsoup.nodes.ElementTest" time="0.001"/>
  <testcase name="insertChildrenAsCopy" classname="org.jsoup.nodes.ElementTest" time="0.0"/>
  <testcase name="testTraverseLambda" classname="org.jsoup.nodes.ElementTest" time="0.0"/>
  <testcase name="prettyPrintScriptsDoesNotGrowOnRepeat" classname="org.jsoup.nodes.ElementTest" time="0.0"/>
  <testcase name="testTagNameSet" classname="org.jsoup.nodes.ElementTest" time="0.0"/>
  <testcase name="testReparentSeperateNodes" classname="org.jsoup.nodes.ElementTest" time="0.0"/>
  <testcase name="prevElementSibling" classname="org.jsoup.nodes.ElementTest" time="0.001"/>
  <testcase name="testIndentLevel" classname="org.jsoup.nodes.ElementTest" time="0.0"/>
  <testcase name="stripTrailing" classname="org.jsoup.nodes.ElementTest" time="0.0"/>
  <testcase name="getElementsContainingText" classname="org.jsoup.nodes.ElementTest" time="0.001"/>
  <testcase name="testFilterAsLambda" classname="org.jsoup.nodes.ElementTest" time="0.0"/>
  <testcase name="prependNodes" classname="org.jsoup.nodes.ElementTest" time="0.0"/>
  <testcase name="styleHtmlRoundTrips" classname="org.jsoup.nodes.ElementTest" time="0.001"/>
  <testcase name="dataInCdataNode" classname="org.jsoup.nodes.ElementTest" time="0.0"/>
  <testcase name="orphanSiblings" classname="org.jsoup.nodes.ElementTest" time="0.0"/>
  <testcase name="appendChildren" classname="org.jsoup.nodes.ElementTest" time="0.0"/>
  <testcase name="moveChildren" classname="org.jsoup.nodes.ElementTest" time="0.0"/>
  <testcase name="dataset" classname="org.jsoup.nodes.ElementTest" time="0.001"/>
  <testcase name="testPrependText" classname="org.jsoup.nodes.ElementTest" time="0.0"/>
  <testcase name="testNormalizesNbspInText" classname="org.jsoup.nodes.ElementTest" time="0.001"/>
  <testcase name="cssSelectorEscaped" classname="org.jsoup.nodes.ElementTest" time="0.0"/>
  <testcase name="testRemoveAfterIndex" classname="org.jsoup.nodes.ElementTest" time="0.001"/>
  <testcase name="testThrowsOnPrependNullText" classname="org.jsoup.nodes.ElementTest" time="0.0"/>
  <testcase name="testGetSiblings" classname="org.jsoup.nodes.ElementTest" time="0.0"/>
  <testcase name="testSetHtml" classname="org.jsoup.nodes.ElementTest" time="0.001"/>
  <testcase name="testSetText" classname="org.jsoup.nodes.ElementTest" time="0.0"/>
  <testcase name="testNextElementSiblings" classname="org.jsoup.nodes.ElementTest" time="0.0"/>
  <testcase name="testAddBooleanAttribute" classname="org.jsoup.nodes.ElementTest" time="0.0"/>
  <testcase name="testRelativeIdnUrls" classname="org.jsoup.nodes.ElementTest" time="0.001"/>
  <testcase name="prependChildren" classname="org.jsoup.nodes.ElementTest" time="0.0"/>
  <testcase name="textHasSpaceAfterBlockTags" classname="org.jsoup.nodes.ElementTest" time="0.0"/>
  <testcase name="whiteSpaceClassElement" classname="org.jsoup.nodes.ElementTest" time="0.0"/>
  <testcase name="classNamesAndAttributeNameIsCaseInsensitive" classname="org.jsoup.nodes.ElementTest" time="0.0"/>
  <testcase name="testPrependNewHtml" classname="org.jsoup.nodes.ElementTest" time="0.0"/>
  <testcase name="getElementsMatchingTextValidation" classname="org.jsoup.nodes.ElementTest" time="0.001"/>
  <testcase name="cssSelectorWithAsterisk" classname="org.jsoup.nodes.ElementTest" time="0.0"/>
  <testcase name="testRemovingEmptyClassAttributeWhenLastClassRemoved" classname="org.jsoup.nodes.ElementTest" time="0.0"/>
  <testcase name="xmlSyntaxSetsEscapeMode" classname="org.jsoup.nodes.ElementTest" time="0.0"/>
  <testcase name="testBrHasSpace" classname="org.jsoup.nodes.ElementTest" time="0.0"/>
  <testcase name="testKeepsPreText" classname="org.jsoup.nodes.ElementTest" time="0.0"/>
  <testcase name="emptyChildrenElementsIsModifiable" classname="org.jsoup.nodes.ElementTest" time="0.0"/>
  <testcase name="testNotPretty" classname="org.jsoup.nodes.ElementTest" time="0.0"/>
  <testcase name="noDanglingSpaceAfterCustomElement" classname="org.jsoup.nodes.ElementTest" time="0.001"/>
  <testcase name="testNextElementSiblingAfterClone" classname="org.jsoup.nodes.ElementTest" time="0.0"/>
  <testcase name="testAppendTo" classname="org.jsoup.nodes.ElementTest" time="0.0"/>
  <testcase name="testScriptTextHtmlSetAsData" classname="org.jsoup.nodes.ElementTest" time="0.001"/>
  <testcase name="getNamespacedElementsByTag" classname="org.jsoup.nodes.ElementTest" time="0.0"/>
  <testcase name="testFilterCallReturnsElement" classname="org.jsoup.nodes.ElementTest" time="0.0"/>
  <testcase name="getElementsByAttributeStarting" classname="org.jsoup.nodes.ElementTest" time="0.001"/>
  <testcase name="testTraverse" classname="org.jsoup.nodes.ElementTest" time="0.0"/>
  <testcase name="buttonTextHasSpace" classname="org.jsoup.nodes.ElementTest" time="0.0"/>
  <testcase name="cssSelectorEscapedClass" classname="org.jsoup.nodes.ElementTest" time="0.0"/>
  <testcase name="isBlock" classname="org.jsoup.nodes.ElementTest" time="0.0"/>
  <testcase name="insertChildrenAtPosition" classname="org.jsoup.nodes.ElementTest" time="0.0"/>
  <testcase name="elementIsNotASiblingOfItself" classname="org.jsoup.nodes.ElementTest" time="0.0"/>
</testsuite>