<?xml version="1.0" encoding="UTF-8"?>
<testsuite xmlns:xsi="http://www.w3.org/2001/XMLSchema-instance" xsi:noNamespaceSchemaLocation="https://maven.apache.org/surefire/maven-surefire-plugin/xsd/surefire-test-report.xsd" version="3.0.2" name="org.jsoup.integration.ConnectTest" time="0.492" tests="67" errors="0" skipped="0" failures="0">
  <properties>
    <property name="java.specification.version" value="21"/>
    <property name="sun.jnu.encoding" value="UTF-8"/>
    <property name="java.class.path" value="/Users/yura/workspace/Fuzz/target/test-classes:/Users/yura/workspace/Fuzz/target/classes:/Users/yura/.m2/repository/com/code-intelligence/jazzer/0.22.1/jazzer-0.22.1.jar:/Users/yura/.m2/repository/com/code-intelligence/jazzer-api/0.22.1/jazzer-api-0.22.1.jar:/Users/yura/.m2/repository/org/junit/jupiter/junit-jupiter/5.11.0/junit-jupiter-5.11.0.jar:/Users/yura/.m2/repository/org/junit/jupiter/junit-jupiter-api/5.11.0/junit-jupiter-api-5.11.0.jar:/Users/yura/.m2/repository/org/opentest4j/opentest4j/1.3.0/opentest4j-1.3.0.jar:/Users/yura/.m2/repository/org/junit/platform/junit-platform-commons/1.11.0/junit-platform-commons-1.11.0.jar:/Users/yura/.m2/repository/org/apiguardian/apiguardian-api/1.1.2/apiguardian-api-1.1.2.jar:/Users/yura/.m2/repository/org/junit/jupiter/junit-jupiter-params/5.11.0/junit-jupiter-params-5.11.0.jar:/Users/yura/.m2/repository/org/junit/jupiter/junit-jupiter-engine/5.11.0/junit-jupiter-engine-5.11.0.jar:/Users/yura/.m2/repository/org/junit/platform/junit-platform-engine/1.11.0/junit-platform-engine-1.11.0.jar:/Users/yura/.m2/repository/com/google/code/gson/gson/2.11.0/gson-2.11.0.jar:/Users/yura/.m2/repository/com/google/errorprone/error_prone_annotations/2.27.0/error_prone_annotations-2.27.0.jar:/Users/yura/.m2/repository/org/eclipse/jetty/jetty-server/9.4.56.v20240826/jetty-server-9.4.56.v20240826.jar:/Users/yura/.m2/repository/javax/servlet/javax.servlet-api/3.1.0/javax.servlet-api-3.1.0.jar:/Users/yura/.m2/repository/org/eclipse/jetty/jetty-http/9.4.56.v20240826/jetty-http-9.4.56.v20240826.jar:/Users/yura/.m2/repository/org/eclipse/jetty/jetty-io/9.4.56.v20240826/jetty-io-9.4.56.v20240826.jar:/Users/yura/.m2/repository/org/eclipse/jetty/jetty-servlet/9.4.56.v20240826/jetty-servlet-9.4.56.v20240826.jar:/Users/yura/.m2/repository/org/eclipse/jetty/jetty-security/9.4.56.v20240826/jetty-security-9.4.56.v20240826.jar:/Users/yura/.m2/repository/org/eclipse/jetty/jetty-util-ajax/9.4.56.v20240826/jetty-util-ajax-9.4.56.v20240826.jar:/Users/yura/.m2/repository/org/eclipse/jetty/jetty-proxy/9.4.56.v20240826/jetty-proxy-9.4.56.v20240826.jar:/Users/yura/.m2/repository/org/eclipse/jetty/jetty-util/9.4.56.v20240826/jetty-util-9.4.56.v20240826.jar:/Users/yura/.m2/repository/org/eclipse/jetty/jetty-client/9.4.56.v20240826/jetty-client-9.4.56.v20240826.jar:/Users/yura/.m2/repository/org/jspecify/jspecify/1.0.0/jspecify-1.0.0.jar:"/>
    <property name="java.vm.vendor" value="Oracle Corporation"/>
    <property name="sun.arch.data.model" value="64"/>
    <property name="java.vendor.url" value="https://java.oracle.com/"/>
    <property name="user.timezone" value="Europe/Moscow"/>
    <property name="os.name" value="Mac OS X"/>
    <property name="java.vm.specification.version" value="21"/>
    <property name="sun.java.launcher" value="SUN_STANDARD"/>
    <property name="user.country" value="RU"/>
    <property name="sun.boot.library.path" value="/Library/Java/JavaVirtualMachines/jdk-21.jdk/Contents/Home/lib"/>
    <property name="sun.java.command" value="/Users/yura/workspace/Fuzz/target/surefire/surefirebooter-20241108113016282_3.jar /Users/yura/workspace/Fuzz/target/surefire 2024-11-08T11-30-15_400-jvmRun1 surefire-20241108113016282_1tmp surefire_0-20241108113016282_2tmp"/>
    <property name="jdk.debug" value="release"/>
    <property name="surefire.test.class.path" value="/Users/yura/workspace/Fuzz/target/test-classes:/Users/yura/workspace/Fuzz/target/classes:/Users/yura/.m2/repository/com/code-intelligence/jazzer/0.22.1/jazzer-0.22.1.jar:/Users/yura/.m2/repository/com/code-intelligence/jazzer-api/0.22.1/jazzer-api-0.22.1.jar:/Users/yura/.m2/repository/org/junit/jupiter/junit-jupiter/5.11.0/junit-jupiter-5.11.0.jar:/Users/yura/.m2/repository/org/junit/jupiter/junit-jupiter-api/5.11.0/junit-jupiter-api-5.11.0.jar:/Users/yura/.m2/repository/org/opentest4j/opentest4j/1.3.0/opentest4j-1.3.0.jar:/Users/yura/.m2/repository/org/junit/platform/junit-platform-commons/1.11.0/junit-platform-commons-1.11.0.jar:/Users/yura/.m2/repository/org/apiguardian/apiguardian-api/1.1.2/apiguardian-api-1.1.2.jar:/Users/yura/.m2/repository/org/junit/jupiter/junit-jupiter-params/5.11.0/junit-jupiter-params-5.11.0.jar:/Users/yura/.m2/repository/org/junit/jupiter/junit-jupiter-engine/5.11.0/junit-jupiter-engine-5.11.0.jar:/Users/yura/.m2/repository/org/junit/platform/junit-platform-engine/1.11.0/junit-platform-engine-1.11.0.jar:/Users/yura/.m2/repository/com/google/code/gson/gson/2.11.0/gson-2.11.0.jar:/Users/yura/.m2/repository/com/google/errorprone/error_prone_annotations/2.27.0/error_prone_annotations-2.27.0.jar:/Users/yura/.m2/repository/org/eclipse/jetty/jetty-server/9.4.56.v20240826/jetty-server-9.4.56.v20240826.jar:/Users/yura/.m2/repository/javax/servlet/javax.servlet-api/3.1.0/javax.servlet-api-3.1.0.jar:/Users/yura/.m2/repository/org/eclipse/jetty/jetty-http/9.4.56.v20240826/jetty-http-9.4.56.v20240826.jar:/Users/yura/.m2/repository/org/eclipse/jetty/jetty-io/9.4.56.v20240826/jetty-io-9.4.56.v20240826.jar:/Users/yura/.m2/repository/org/eclipse/jetty/jetty-servlet/9.4.56.v20240826/jetty-servlet-9.4.56.v20240826.jar:/Users/yura/.m2/repository/org/eclipse/jetty/jetty-security/9.4.56.v20240826/jetty-security-9.4.56.v20240826.jar:/Users/yura/.m2/repository/org/eclipse/jetty/jetty-util-ajax/9.4.56.v20240826/jetty-util-ajax-9.4.56.v20240826.jar:/Users/yura/.m2/repository/org/eclipse/jetty/jetty-proxy/9.4.56.v20240826/jetty-proxy-9.4.56.v20240826.jar:/Users/yura/.m2/repository/org/eclipse/jetty/jetty-util/9.4.56.v20240826/jetty-util-9.4.56.v20240826.jar:/Users/yura/.m2/repository/org/eclipse/jetty/jetty-client/9.4.56.v20240826/jetty-client-9.4.56.v20240826.jar:/Users/yura/.m2/repository/org/jspecify/jspecify/1.0.0/jspecify-1.0.0.jar:"/>
    <property name="sun.cpu.endian" value="little"/>
    <property name="user.home" value="/Users/yura"/>
    <property name="user.language" value="ru"/>
    <property name="jdk.http.auth.tunneling.disabledSchemes" value=""/>
    <property name="java.specification.vendor" value="Oracle Corporation"/>
    <property name="java.version.date" value="2024-01-16"/>
    <property name="java.home" value="/Library/Java/JavaVirtualMachines/jdk-21.jdk/Contents/Home"/>
    <property name="file.separator" value="/"/>
    <property name="basedir" value="/Users/yura/workspace/Fuzz"/>
    <property name="java.vm.compressedOopsMode" value="Zero based"/>
    <property name="line.separator" value="&#10;"/>
    <property name="java.specification.name" value="Java Platform API Specification"/>
    <property name="java.vm.specification.vendor" value="Oracle Corporation"/>
    <property name="apple.awt.application.name" value="ForkedBooter"/>
    <property name="surefire.real.class.path" value="/Users/yura/workspace/Fuzz/target/surefire/surefirebooter-20241108113016282_3.jar"/>
    <property name="sun.management.compiler" value="HotSpot 64-Bit Tiered Compilers"/>
    <property name="java.runtime.version" value="21.0.2+13-LTS-58"/>
    <property name="user.name" value="yura"/>
    <property name="stdout.encoding" value="UTF-8"/>
    <property name="path.separator" value=":"/>
    <property name="os.version" value="15.1"/>
    <property name="java.runtime.name" value="Java(TM) SE Runtime Environment"/>
    <property name="file.encoding" value="UTF-8"/>
    <property name="sun.net.http.allowRestrictedHeaders" value="true"/>
    <property name="java.vm.name" value="Java HotSpot(TM) 64-Bit Server VM"/>
    <property name="localRepository" value="/Users/yura/.m2/repository"/>
    <property name="java.vendor.url.bug" value="https://bugreport.java.com/bugreport/"/>
    <property name="jetty.git.hash" value="ec6782ff5ead824dabdcf47fa98f90a4aedff401"/>
    <property name="java.io.tmpdir" value="/var/folders/dh/xsz4v51j4sj_zpy4gvxzsk9w0000gn/T/"/>
    <property name="java.version" value="21.0.2"/>
    <property name="user.dir" value="/Users/yura/workspace/Fuzz"/>
    <property name="os.arch" value="aarch64"/>
    <property name="java.vm.specification.name" value="Java Virtual Machine Specification"/>
    <property name="native.encoding" value="UTF-8"/>
    <property name="java.library.path" value="/Users/yura/Library/Java/Extensions:/Library/Java/Extensions:/Network/Library/Java/Extensions:/System/Library/Java/Extensions:/usr/lib/java:."/>
    <property name="java.vm.info" value="mixed mode, sharing"/>
    <property name="stderr.encoding" value="UTF-8"/>
    <property name="java.vendor" value="Oracle Corporation"/>
    <property name="java.vm.version" value="21.0.2+13-LTS-58"/>
    <property name="sun.io.unicode.encoding" value="UnicodeBig"/>
    <property name="java.class.version" value="65.0"/>
  </properties>
  <testcase name="multipleParsesOkAfterBufferUp" classname="org.jsoup.integration.ConnectTest" time="0.003"/>
  <testcase name="handlesWrongContentLengthDuringBufferedRead" classname="org.jsoup.integration.ConnectTest" time="0.003"/>
  <testcase name="multiCookieSet" classname="org.jsoup.integration.ConnectTest" time="0.006"/>
  <testcase name="sendHeadRequest" classname="org.jsoup.integration.ConnectTest" time="0.002"/>
  <testcase name="failsIfNotAuthenticated(String)[1]" classname="org.jsoup.integration.ConnectTest" time="0.006"/>
  <testcase name="failsIfNotAuthenticated(String)[2]" classname="org.jsoup.integration.ConnectTest" time="0.118"/>
  <testcase name="fetchURIWithWhitespace" classname="org.jsoup.integration.ConnectTest" time="0.002"/>
  <testcase name="bodyAndBytesAvailableBeforeParse" classname="org.jsoup.integration.ConnectTest" time="0.001"/>
  <testcase name="formLoginFlow" classname="org.jsoup.integration.ConnectTest" time="0.007"/>
  <testcase name="postHtmlFile" classname="org.jsoup.integration.ConnectTest" time="0.036"/>
  <testcase name="parseParseThrowsValidates" classname="org.jsoup.integration.ConnectTest" time="0.001"/>
  <testcase name="preservesUrlFragment" classname="org.jsoup.integration.ConnectTest" time="0.0"/>
  <testcase name="imageXmlMimeType" classname="org.jsoup.integration.ConnectTest" time="0.002"/>
  <testcase name="canFetchBinaryAsBytes" classname="org.jsoup.integration.ConnectTest" time="0.003"/>
  <testcase name="maxBodySize" classname="org.jsoup.integration.ConnectTest" time="0.038"/>
  <testcase name="streamerGetUtf8Bom" classname="org.jsoup.integration.ConnectTest" time="0.002"/>
  <testcase name="handlesUnknownEscapesAcrossBuffer" classname="org.jsoup.integration.ConnectTest" time="0.006"/>
  <testcase name="throwsExceptionOn404" classname="org.jsoup.integration.ConnectTest" time="0.001"/>
  <testcase name="doesPostMultipartWithoutInputstream" classname="org.jsoup.integration.ConnectTest" time="0.003"/>
  <testcase name="sendsRequestBodyWithUrlParams" classname="org.jsoup.integration.ConnectTest" time="0.001"/>
  <testcase name="maxBodySizeInReadToByteBuffer" classname="org.jsoup.integration.ConnectTest" time="0.005"/>
  <testcase name="fetchHandlesXmlAsHtmlWhenParserSet" classname="org.jsoup.integration.ConnectTest" time="0.001"/>
  <testcase name="fetchURl" classname="org.jsoup.integration.ConnectTest" time="0.001"/>
  <testcase name="fetchToW3c" classname="org.jsoup.integration.ConnectTest" time="0.033"/>
  <testcase name="testBinaryContentTypeThrowsException" classname="org.jsoup.integration.ConnectTest" time="0.001"/>
  <testcase name="fetchUnicodeUrl" classname="org.jsoup.integration.ConnectTest" time="0.001"/>
  <testcase name="sendsRequestBody" classname="org.jsoup.integration.ConnectTest" time="0.001"/>
  <testcase name="bodyAfterParseThrowsValidationError" classname="org.jsoup.integration.ConnectTest" time="0.001"/>
  <testcase name="doesDeleteWithBody" classname="org.jsoup.integration.ConnectTest" time="0.001"/>
  <testcase name="canConnectToLocalTlsServer" classname="org.jsoup.integration.ConnectTest" time="0.008"/>
  <testcase name="handlesRedirect" classname="org.jsoup.integration.ConnectTest" time="0.002"/>
  <testcase name="doesPost" classname="org.jsoup.integration.ConnectTest" time="0.001"/>
  <testcase name="getUtf8Bom" classname="org.jsoup.integration.ConnectTest" time="0.001"/>
  <testcase name="supportsDeflate" classname="org.jsoup.integration.ConnectTest" time="0.003"/>
  <testcase name="canAuthenticate(String)[1]" classname="org.jsoup.integration.ConnectTest" time="0.004"/>
  <testcase name="canAuthenticate(String)[2]" classname="org.jsoup.integration.ConnectTest" time="0.009"/>
  <testcase name="repeatable" classname="org.jsoup.integration.ConnectTest" time="0.008"/>
  <testcase name="sendsRequestBodyJsonWithoutData" classname="org.jsoup.integration.ConnectTest" time="0.001"/>
  <testcase name="doesDeleteWithoutBody" classname="org.jsoup.integration.ConnectTest" time="0.001"/>
  <testcase name="formLoginFlow2" classname="org.jsoup.integration.ConnectTest" time="0.003"/>
  <testcase name="combinesSameHeadersWithComma" classname="org.jsoup.integration.ConnectTest" time="0.001"/>
  <testcase name="sendsRequestBodyJsonWithData" classname="org.jsoup.integration.ConnectTest" time="0.001"/>
  <testcase name="willEscapePathInRedirect" classname="org.jsoup.integration.ConnectTest" time="0.002"/>
  <testcase name="doesPostFor307" classname="org.jsoup.integration.ConnectTest" time="0.002"/>
  <testcase name="baseHrefCorrectAfterHttpEquiv" classname="org.jsoup.integration.ConnectTest" time="0.002"/>
  <testcase name="fetchHandlesXml" classname="org.jsoup.integration.ConnectTest" time="0.003"/>
  <testcase name="handlesEmptyRedirect" classname="org.jsoup.integration.ConnectTest" time="0.013"/>
  <testcase name="canConnectToLocalServer" classname="org.jsoup.integration.ConnectTest" time="0.001"/>
  <testcase name="ignoresExceptionIfSoConfigured" classname="org.jsoup.integration.ConnectTest" time="0.001"/>
  <testcase name="doesGet(String)[1]" classname="org.jsoup.integration.ConnectTest" time="0.001"/>
  <testcase name="doesGet(String)[2]" classname="org.jsoup.integration.ConnectTest" time="0.001"/>
  <testcase name="doesPut" classname="org.jsoup.integration.ConnectTest" time="0.001"/>
  <testcase name="streamParserGet(String)[1]" classname="org.jsoup.integration.ConnectTest" time="0.001"/>
  <testcase name="streamParserGet(String)[2]" classname="org.jsoup.integration.ConnectTest" time="0.001"/>
  <testcase name="progressListener(String)[1]" classname="org.jsoup.integration.ConnectTest" time="0.006"/>
  <testcase name="progressListener(String)[2]" classname="org.jsoup.integration.ConnectTest" time="0.005"/>
  <testcase name="testParseRss" classname="org.jsoup.integration.ConnectTest" time="0.001"/>
  <testcase name="exceptOnUnsupportedProtocol" classname="org.jsoup.integration.ConnectTest" time="0.0"/>
  <testcase name="doesNotPostFor302" classname="org.jsoup.integration.ConnectTest" time="0.002"/>
  <testcase name="postFiles(String)[1]" classname="org.jsoup.integration.ConnectTest" time="0.016"/>
  <testcase name="postFiles(String)[2]" classname="org.jsoup.integration.ConnectTest" time="0.027"/>
  <testcase name="secFetchHeadersSurviveRedirect" classname="org.jsoup.integration.ConnectTest" time="0.006"/>
  <testcase name="canSendSecFetchHeaders" classname="org.jsoup.integration.ConnectTest" time="0.001"/>
  <testcase name="handlesLargerContentLengthParseRead" classname="org.jsoup.integration.ConnectTest" time="0.002"/>
  <testcase name="incorrectAuth(String)[1]" classname="org.jsoup.integration.ConnectTest" time="0.007"/>
  <testcase name="incorrectAuth(String)[2]" classname="org.jsoup.integration.ConnectTest" time="0.045"/>
  <testcase name="requestCookiesSurviveRedirect" classname="org.jsoup.integration.ConnectTest" time="0.002"/>
</testsuite>