<?xml version="1.0" encoding="UTF-8"?>
<testsuite xmlns:xsi="http://www.w3.org/2001/XMLSchema-instance" xsi:noNamespaceSchemaLocation="https://maven.apache.org/surefire/maven-surefire-plugin/xsd/surefire-test-report.xsd" version="3.0.2" name="org.jsoup.parser.HtmlParserTest" time="0.056" tests="190" errors="0" skipped="0" failures="0">
  <properties>
    <property name="java.specification.version" value="21"/>
    <property name="sun.jnu.encoding" value="UTF-8"/>
    <property name="java.class.path" value="/Users/yura/workspace/Fuzz/target/test-classes:/Users/yura/workspace/Fuzz/target/classes:/Users/yura/.m2/repository/com/code-intelligence/jazzer/0.22.1/jazzer-0.22.1.jar:/Users/yura/.m2/repository/com/code-intelligence/jazzer-api/0.22.1/jazzer-api-0.22.1.jar:/Users/yura/.m2/repository/org/junit/jupiter/junit-jupiter/5.11.0/junit-jupiter-5.11.0.jar:/Users/yura/.m2/repository/org/junit/jupiter/junit-jupiter-api/5.11.0/junit-jupiter-api-5.11.0.jar:/Users/yura/.m2/repository/org/opentest4j/opentest4j/1.3.0/opentest4j-1.3.0.jar:/Users/yura/.m2/repository/org/junit/platform/junit-platform-commons/1.11.0/junit-platform-commons-1.11.0.jar:/Users/yura/.m2/repository/org/apiguardian/apiguardian-api/1.1.2/apiguardian-api-1.1.2.jar:/Users/yura/.m2/repository/org/junit/jupiter/junit-jupiter-params/5.11.0/junit-jupiter-params-5.11.0.jar:/Users/yura/.m2/repository/org/junit/jupiter/junit-jupiter-engine/5.11.0/junit-jupiter-engine-5.11.0.jar:/Users/yura/.m2/repository/org/junit/platform/junit-platform-engine/1.11.0/junit-platform-engine-1.11.0.jar:/Users/yura/.m2/repository/com/google/code/gson/gson/2.11.0/gson-2.11.0.jar:/Users/yura/.m2/repository/com/google/errorprone/error_prone_annotations/2.27.0/error_prone_annotations-2.27.0.jar:/Users/yura/.m2/repository/org/eclipse/jetty/jetty-server/9.4.56.v20240826/jetty-server-9.4.56.v20240826.jar:/Users/yura/.m2/repository/javax/servlet/javax.servlet-api/3.1.0/javax.servlet-api-3.1.0.jar:/Users/yura/.m2/repository/org/eclipse/jetty/jetty-http/9.4.56.v20240826/jetty-http-9.4.56.v20240826.jar:/Users/yura/.m2/repository/org/eclipse/jetty/jetty-io/9.4.56.v20240826/jetty-io-9.4.56.v20240826.jar:/Users/yura/.m2/repository/org/eclipse/jetty/jetty-servlet/9.4.56.v20240826/jetty-servlet-9.4.56.v20240826.jar:/Users/yura/.m2/repository/org/eclipse/jetty/jetty-security/9.4.56.v20240826/jetty-security-9.4.56.v20240826.jar:/Users/yura/.m2/repository/org/eclipse/jetty/jetty-util-ajax/9.4.56.v20240826/jetty-util-ajax-9.4.56.v20240826.jar:/Users/yura/.m2/repository/org/eclipse/jetty/jetty-proxy/9.4.56.v20240826/jetty-proxy-9.4.56.v20240826.jar:/Users/yura/.m2/repository/org/eclipse/jetty/jetty-util/9.4.56.v20240826/jetty-util-9.4.56.v20240826.jar:/Users/yura/.m2/repository/org/eclipse/jetty/jetty-client/9.4.56.v20240826/jetty-client-9.4.56.v20240826.jar:/Users/yura/.m2/repository/org/jspecify/jspecify/1.0.0/jspecify-1.0.0.jar:"/>
    <property name="java.vm.vendor" value="Oracle Corporation"/>
    <property name="sun.arch.data.model" value="64"/>
    <property name="java.vendor.url" value="https://java.oracle.com/"/>
    <property name="user.timezone" value="Europe/Moscow"/>
    <property name="os.name" value="Mac OS X"/>
    <property name="java.vm.specification.version" value="21"/>
    <property name="sun.java.launcher" value="SUN_STANDARD"/>
    <property name="user.country" value="RU"/>
    <property name="sun.boot.library.path" value="/Library/Java/JavaVirtualMachines/jdk-21.jdk/Contents/Home/lib"/>
    <property name="sun.java.command" value="/Users/yura/workspace/Fuzz/target/surefire/surefirebooter-20241108113016282_3.jar /Users/yura/workspace/Fuzz/target/surefire 2024-11-08T11-30-15_400-jvmRun1 surefire-20241108113016282_1tmp surefire_0-20241108113016282_2tmp"/>
    <property name="jdk.debug" value="release"/>
    <property name="surefire.test.class.path" value="/Users/yura/workspace/Fuzz/target/test-classes:/Users/yura/workspace/Fuzz/target/classes:/Users/yura/.m2/repository/com/code-intelligence/jazzer/0.22.1/jazzer-0.22.1.jar:/Users/yura/.m2/repository/com/code-intelligence/jazzer-api/0.22.1/jazzer-api-0.22.1.jar:/Users/yura/.m2/repository/org/junit/jupiter/junit-jupiter/5.11.0/junit-jupiter-5.11.0.jar:/Users/yura/.m2/repository/org/junit/jupiter/junit-jupiter-api/5.11.0/junit-jupiter-api-5.11.0.jar:/Users/yura/.m2/repository/org/opentest4j/opentest4j/1.3.0/opentest4j-1.3.0.jar:/Users/yura/.m2/repository/org/junit/platform/junit-platform-commons/1.11.0/junit-platform-commons-1.11.0.jar:/Users/yura/.m2/repository/org/apiguardian/apiguardian-api/1.1.2/apiguardian-api-1.1.2.jar:/Users/yura/.m2/repository/org/junit/jupiter/junit-jupiter-params/5.11.0/junit-jupiter-params-5.11.0.jar:/Users/yura/.m2/repository/org/junit/jupiter/junit-jupiter-engine/5.11.0/junit-jupiter-engine-5.11.0.jar:/Users/yura/.m2/repository/org/junit/platform/junit-platform-engine/1.11.0/junit-platform-engine-1.11.0.jar:/Users/yura/.m2/repository/com/google/code/gson/gson/2.11.0/gson-2.11.0.jar:/Users/yura/.m2/repository/com/google/errorprone/error_prone_annotations/2.27.0/error_prone_annotations-2.27.0.jar:/Users/yura/.m2/repository/org/eclipse/jetty/jetty-server/9.4.56.v20240826/jetty-server-9.4.56.v20240826.jar:/Users/yura/.m2/repository/javax/servlet/javax.servlet-api/3.1.0/javax.servlet-api-3.1.0.jar:/Users/yura/.m2/repository/org/eclipse/jetty/jetty-http/9.4.56.v20240826/jetty-http-9.4.56.v20240826.jar:/Users/yura/.m2/repository/org/eclipse/jetty/jetty-io/9.4.56.v20240826/jetty-io-9.4.56.v20240826.jar:/Users/yura/.m2/repository/org/eclipse/jetty/jetty-servlet/9.4.56.v20240826/jetty-servlet-9.4.56.v20240826.jar:/Users/yura/.m2/repository/org/eclipse/jetty/jetty-security/9.4.56.v20240826/jetty-security-9.4.56.v20240826.jar:/Users/yura/.m2/repository/org/eclipse/jetty/jetty-util-ajax/9.4.56.v20240826/jetty-util-ajax-9.4.56.v20240826.jar:/Users/yura/.m2/repository/org/eclipse/jetty/jetty-proxy/9.4.56.v20240826/jetty-proxy-9.4.56.v20240826.jar:/Users/yura/.m2/repository/org/eclipse/jetty/jetty-util/9.4.56.v20240826/jetty-util-9.4.56.v20240826.jar:/Users/yura/.m2/repository/org/eclipse/jetty/jetty-client/9.4.56.v20240826/jetty-client-9.4.56.v20240826.jar:/Users/yura/.m2/repository/org/jspecify/jspecify/1.0.0/jspecify-1.0.0.jar:"/>
    <property name="sun.cpu.endian" value="little"/>
    <property name="user.home" value="/Users/yura"/>
    <property name="user.language" value="ru"/>
    <property name="jdk.http.auth.tunneling.disabledSchemes" value=""/>
    <property name="java.specification.vendor" value="Oracle Corporation"/>
    <property name="java.version.date" value="2024-01-16"/>
    <property name="java.home" value="/Library/Java/JavaVirtualMachines/jdk-21.jdk/Contents/Home"/>
    <property name="file.separator" value="/"/>
    <property name="basedir" value="/Users/yura/workspace/Fuzz"/>
    <property name="java.vm.compressedOopsMode" value="Zero based"/>
    <property name="line.separator" value="&#10;"/>
    <property name="java.specification.name" value="Java Platform API Specification"/>
    <property name="java.vm.specification.vendor" value="Oracle Corporation"/>
    <property name="apple.awt.application.name" value="ForkedBooter"/>
    <property name="surefire.real.class.path" value="/Users/yura/workspace/Fuzz/target/surefire/surefirebooter-20241108113016282_3.jar"/>
    <property name="sun.management.compiler" value="HotSpot 64-Bit Tiered Compilers"/>
    <property name="java.runtime.version" value="21.0.2+13-LTS-58"/>
    <property name="user.name" value="yura"/>
    <property name="stdout.encoding" value="UTF-8"/>
    <property name="path.separator" value=":"/>
    <property name="os.version" value="15.1"/>
    <property name="java.runtime.name" value="Java(TM) SE Runtime Environment"/>
    <property name="file.encoding" value="UTF-8"/>
    <property name="sun.net.http.allowRestrictedHeaders" value="true"/>
    <property name="java.vm.name" value="Java HotSpot(TM) 64-Bit Server VM"/>
    <property name="localRepository" value="/Users/yura/.m2/repository"/>
    <property name="java.vendor.url.bug" value="https://bugreport.java.com/bugreport/"/>
    <property name="jetty.git.hash" value="ec6782ff5ead824dabdcf47fa98f90a4aedff401"/>
    <property name="java.io.tmpdir" value="/var/folders/dh/xsz4v51j4sj_zpy4gvxzsk9w0000gn/T/"/>
    <property name="java.version" value="21.0.2"/>
    <property name="user.dir" value="/Users/yura/workspace/Fuzz"/>
    <property name="os.arch" value="aarch64"/>
    <property name="java.vm.specification.name" value="Java Virtual Machine Specification"/>
    <property name="native.encoding" value="UTF-8"/>
    <property name="java.library.path" value="/Users/yura/Library/Java/Extensions:/Library/Java/Extensions:/Network/Library/Java/Extensions:/System/Library/Java/Extensions:/usr/lib/java:."/>
    <property name="java.vm.info" value="mixed mode, sharing"/>
    <property name="stderr.encoding" value="UTF-8"/>
    <property name="java.vendor" value="Oracle Corporation"/>
    <property name="java.vm.version" value="21.0.2+13-LTS-58"/>
    <property name="sun.io.unicode.encoding" value="UnicodeBig"/>
    <property name="java.class.version" value="65.0"/>
  </properties>
  <testcase name="tableInPInQuirksMode" classname="org.jsoup.parser.HtmlParserTest" time="0.0"/>
  <testcase name="preservedCaseLinksCantNest" classname="org.jsoup.parser.HtmlParserTest" time="0.001"/>
  <testcase name="normalisesHeadlessBody" classname="org.jsoup.parser.HtmlParserTest" time="0.0"/>
  <testcase name="parsesUnterminatedOption" classname="org.jsoup.parser.HtmlParserTest" time="0.0"/>
  <testcase name="handlesProtocolRelativeUrl" classname="org.jsoup.parser.HtmlParserTest" time="0.0"/>
  <testcase name="dropsUnterminatedTag" classname="org.jsoup.parser.HtmlParserTest" time="0.0"/>
  <testcase name="tableRowFragment" classname="org.jsoup.parser.HtmlParserTest" time="0.0"/>
  <testcase name="canPreserveAttributeCase" classname="org.jsoup.parser.HtmlParserTest" time="0.0"/>
  <testcase name="templateInHead" classname="org.jsoup.parser.HtmlParserTest" time="0.0"/>
  <testcase name="handlesNullInComments" classname="org.jsoup.parser.HtmlParserTest" time="0.0"/>
  <testcase name="htmlClose" classname="org.jsoup.parser.HtmlParserTest" time="0.0"/>
  <testcase name="handlesTextAfterData" classname="org.jsoup.parser.HtmlParserTest" time="0.0"/>
  <testcase name="dropsUnterminatedAttribute" classname="org.jsoup.parser.HtmlParserTest" time="0.0"/>
  <testcase name="textareaValue" classname="org.jsoup.parser.HtmlParserTest" time="0.0"/>
  <testcase name="testNormalisesIsIndex" classname="org.jsoup.parser.HtmlParserTest" time="0.0"/>
  <testcase name="noTableDirectInTable" classname="org.jsoup.parser.HtmlParserTest" time="0.001"/>
  <testcase name="handleContentAfterBody" classname="org.jsoup.parser.HtmlParserTest" time="0.0"/>
  <testcase name="testSupportsPartiallyNonAsciiTags" classname="org.jsoup.parser.HtmlParserTest" time="0.0"/>
  <testcase name="testSpaceAfterTag" classname="org.jsoup.parser.HtmlParserTest" time="0.0"/>
  <testcase name="handlesXmlDeclarationAsBogusComment" classname="org.jsoup.parser.HtmlParserTest" time="0.0"/>
  <testcase name="normalisesDocument" classname="org.jsoup.parser.HtmlParserTest" time="0.001"/>
  <testcase name="testUnclosedNoscriptInHead" classname="org.jsoup.parser.HtmlParserTest" time="0.0"/>
  <testcase name="createsStructureFromBodySnippet" classname="org.jsoup.parser.HtmlParserTest" time="0.0"/>
  <testcase name="retainsAttributesOfDifferentCaseIfSensitive" classname="org.jsoup.parser.HtmlParserTest" time="0.0"/>
  <testcase name="canPreserveTagCase" classname="org.jsoup.parser.HtmlParserTest" time="0.0"/>
  <testcase name="preservesSpaceInScript" classname="org.jsoup.parser.HtmlParserTest" time="0.0"/>
  <testcase name="handlesXmlDeclAndCommentsBeforeDoctype" classname="org.jsoup.parser.HtmlParserTest" time="0.001"/>
  <testcase name="testHtmlLowerCase" classname="org.jsoup.parser.HtmlParserTest" time="0.0"/>
  <testcase name="mathSvgStyleTest" classname="org.jsoup.parser.HtmlParserTest" time="0.001"/>
  <testcase name="parsesSimpleDocument" classname="org.jsoup.parser.HtmlParserTest" time="0.0"/>
  <testcase name="doesNotCreateImplicitLists" classname="org.jsoup.parser.HtmlParserTest" time="0.0"/>
  <testcase name="supportsRuby" classname="org.jsoup.parser.HtmlParserTest" time="0.0"/>
  <testcase name="parsesUnterminatedTextarea" classname="org.jsoup.parser.HtmlParserTest" time="0.001"/>
  <testcase name="testSupportsNonAsciiTags" classname="org.jsoup.parser.HtmlParserTest" time="0.0"/>
  <testcase name="dropsDuplicateAttributes(String, String)[1]" classname="org.jsoup.parser.HtmlParserTest" time="0.002"/>
  <testcase name="dropsDuplicateAttributes(String, String)[2]" classname="org.jsoup.parser.HtmlParserTest" time="0.0"/>
  <testcase name="dropsDuplicateAttributes(String, String)[3]" classname="org.jsoup.parser.HtmlParserTest" time="0.0"/>
  <testcase name="largeTextareaContents" classname="org.jsoup.parser.HtmlParserTest" time="0.001"/>
  <testcase name="handlesWhatWgExpensesTableExample" classname="org.jsoup.parser.HtmlParserTest" time="0.0"/>
  <testcase name="templateFragment" classname="org.jsoup.parser.HtmlParserTest" time="0.0"/>
  <testcase name="nestedAnchorAdoption" classname="org.jsoup.parser.HtmlParserTest" time="0.001"/>
  <testcase name="testH20" classname="org.jsoup.parser.HtmlParserTest" time="0.0"/>
  <testcase name="handlesImplicitCaptionClose" classname="org.jsoup.parser.HtmlParserTest" time="0.0"/>
  <testcase name="handlesQuotesInCommentsInScripts" classname="org.jsoup.parser.HtmlParserTest" time="0.0"/>
  <testcase name="handlesInputInTable" classname="org.jsoup.parser.HtmlParserTest" time="0.001"/>
  <testcase name="handlesInvalidStartTags" classname="org.jsoup.parser.HtmlParserTest" time="0.0"/>
  <testcase name="handlesEscapedData" classname="org.jsoup.parser.HtmlParserTest" time="0.0"/>
  <testcase name="fallbackToUtfIfCantEncode" classname="org.jsoup.parser.HtmlParserTest" time="0.0"/>
  <testcase name="reconstructFormattingElements" classname="org.jsoup.parser.HtmlParserTest" time="0.001"/>
  <testcase name="createsDocumentStructure" classname="org.jsoup.parser.HtmlParserTest" time="0.0"/>
  <testcase name="testFarsi" classname="org.jsoup.parser.HtmlParserTest" time="0.0"/>
  <testcase name="handlesCdataInScript" classname="org.jsoup.parser.HtmlParserTest" time="0.0"/>
  <testcase name="handlesUnclosedTitle" classname="org.jsoup.parser.HtmlParserTest" time="0.0"/>
  <testcase name="rubyRpRtImplicitClose" classname="org.jsoup.parser.HtmlParserTest" time="0.0"/>
  <testcase name="xmlnsAttributeError" classname="org.jsoup.parser.HtmlParserTest" time="0.0"/>
  <testcase name="caseInsensitiveParseTree" classname="org.jsoup.parser.HtmlParserTest" time="0.0"/>
  <testcase name="handleNullContextInParseFragment" classname="org.jsoup.parser.HtmlParserTest" time="0.0"/>
  <testcase name="parsesUnterminatedComments" classname="org.jsoup.parser.HtmlParserTest" time="0.0"/>
  <testcase name="emptyTdTag" classname="org.jsoup.parser.HtmlParserTest" time="0.0"/>
  <testcase name="caseSensitiveParseTree" classname="org.jsoup.parser.HtmlParserTest" time="0.0"/>
  <testcase name="testFragment" classname="org.jsoup.parser.HtmlParserTest" time="0.001"/>
  <testcase name="handlesUnclosedScriptAtEof" classname="org.jsoup.parser.HtmlParserTest" time="0.0"/>
  <testcase name="handlesNewlinesAndWhitespaceInTag" classname="org.jsoup.parser.HtmlParserTest" time="0.0"/>
  <testcase name="preserveWhitespaceInHead" classname="org.jsoup.parser.HtmlParserTest" time="0.0"/>
  <testcase name="handlesDataOnlyTags" classname="org.jsoup.parser.HtmlParserTest" time="0.0"/>
  <testcase name="handlesMisnestedAInDivs" classname="org.jsoup.parser.HtmlParserTest" time="0.0"/>
  <testcase name="testNoSpuriousSpace" classname="org.jsoup.parser.HtmlParserTest" time="0.001"/>
  <testcase name="normalizesDiscordantTags" classname="org.jsoup.parser.HtmlParserTest" time="0.0"/>
  <testcase name="handlesCdataAcrossBuffer" classname="org.jsoup.parser.HtmlParserTest" time="0.0"/>
  <testcase name="noImplicitFormForTextAreas" classname="org.jsoup.parser.HtmlParserTest" time="0.0"/>
  <testcase name="commentBeforeHtml" classname="org.jsoup.parser.HtmlParserTest" time="0.0"/>
  <testcase name="handlesUnclosedCdataAtEOF" classname="org.jsoup.parser.HtmlParserTest" time="0.0"/>
  <testcase name="htmlOutputCorrectsInvalidAttributeNames" classname="org.jsoup.parser.HtmlParserTest" time="0.0"/>
  <testcase name="handlesCdata" classname="org.jsoup.parser.HtmlParserTest" time="0.0"/>
  <testcase name="errorsBeforeHtml" classname="org.jsoup.parser.HtmlParserTest" time="0.0"/>
  <testcase name="optionalPClosersAreNotErrors" classname="org.jsoup.parser.HtmlParserTest" time="0.0"/>
  <testcase name="handlesKnownEmptyBlocks" classname="org.jsoup.parser.HtmlParserTest" time="0.0"/>
  <testcase name="parseBodyIsIndexNoAttributes" classname="org.jsoup.parser.HtmlParserTest" time="0.0"/>
  <testcase name="mergeHtmlAttributesFromBody" classname="org.jsoup.parser.HtmlParserTest" time="0.001"/>
  <testcase name="createsFormElements" classname="org.jsoup.parser.HtmlParserTest" time="0.0"/>
  <testcase name="noErrorsByDefault" classname="org.jsoup.parser.HtmlParserTest" time="0.0"/>
  <testcase name="testHeaderContents" classname="org.jsoup.parser.HtmlParserTest" time="0.0"/>
  <testcase name="testRelaxedTags" classname="org.jsoup.parser.HtmlParserTest" time="0.0"/>
  <testcase name="handlesKnownEmptyStyle" classname="org.jsoup.parser.HtmlParserTest" time="0.0"/>
  <testcase name="handlesKnownEmptyTitle" classname="org.jsoup.parser.HtmlParserTest" time="0.001"/>
  <testcase name="nestedTemplateInBody" classname="org.jsoup.parser.HtmlParserTest" time="0.0"/>
  <testcase name="errorOnEofIfOpen" classname="org.jsoup.parser.HtmlParserTest" time="0.0"/>
  <testcase name="preservesSpaceInTextArea" classname="org.jsoup.parser.HtmlParserTest" time="0.0"/>
  <testcase name="handlesUnexpectedMarkupInTables" classname="org.jsoup.parser.HtmlParserTest" time="0.001"/>
  <testcase name="handlesKnownEmptyIframe" classname="org.jsoup.parser.HtmlParserTest" time="0.0"/>
  <testcase name="characterReaderBuffer" classname="org.jsoup.parser.HtmlParserTest" time="0.0"/>
  <testcase name="testTemplateInsideTable" classname="org.jsoup.parser.HtmlParserTest" time="0.0"/>
  <testcase name="wholeTextTreatsBRasNewline" classname="org.jsoup.parser.HtmlParserTest" time="0.0"/>
  <testcase name="cdataNodesAreTextNodes" classname="org.jsoup.parser.HtmlParserTest" time="0.001"/>
  <testcase name="ignoresContentAfterFrameset" classname="org.jsoup.parser.HtmlParserTest" time="0.0"/>
  <testcase name="handlesBaseTags" classname="org.jsoup.parser.HtmlParserTest" time="0.0"/>
  <testcase name="testSpanContents" classname="org.jsoup.parser.HtmlParserTest" time="0.0"/>
  <testcase name="handles0CharacterAsText" classname="org.jsoup.parser.HtmlParserTest" time="0.0"/>
  <testcase name="handlesFrames" classname="org.jsoup.parser.HtmlParserTest" time="0.0"/>
  <testcase name="nestedPFragments" classname="org.jsoup.parser.HtmlParserTest" time="0.0"/>
  <testcase name="handlesJavadocFont" classname="org.jsoup.parser.HtmlParserTest" time="0.0"/>
  <testcase name="testReinsertionModeForThCelss" classname="org.jsoup.parser.HtmlParserTest" time="0.001"/>
  <testcase name="handlesControlCodeInAttributeName" classname="org.jsoup.parser.HtmlParserTest" time="0.0"/>
  <testcase name="handlesInvalidDoctypes" classname="org.jsoup.parser.HtmlParserTest" time="0.0"/>
  <testcase name="handlesTagsInTextarea" classname="org.jsoup.parser.HtmlParserTest" time="0.0"/>
  <testcase name="handlesCommentsInTable" classname="org.jsoup.parser.HtmlParserTest" time="0.0"/>
  <testcase name="handlesEscapedScript" classname="org.jsoup.parser.HtmlParserTest" time="0.0"/>
  <testcase name="testInvalidTableContents" classname="org.jsoup.parser.HtmlParserTest" time="0.001"/>
  <testcase name="handlesUnknownTags" classname="org.jsoup.parser.HtmlParserTest" time="0.0"/>
  <testcase name="ignoresDupeEndTrTag" classname="org.jsoup.parser.HtmlParserTest" time="0.0"/>
  <testcase name="selfClosingTextAreaDoesntLeaveDroppings" classname="org.jsoup.parser.HtmlParserTest" time="0.0"/>
  <testcase name="associatedFormControlsWithDisjointForms" classname="org.jsoup.parser.HtmlParserTest" time="0.0"/>
  <testcase name="handlesTbodyTable" classname="org.jsoup.parser.HtmlParserTest" time="0.0"/>
  <testcase name="pTagsGetIndented" classname="org.jsoup.parser.HtmlParserTest" time="0.0"/>
  <testcase name="normalisedBodyAfterContent" classname="org.jsoup.parser.HtmlParserTest" time="0.001"/>
  <testcase name="handlesSpanInTbody" classname="org.jsoup.parser.HtmlParserTest" time="0.0"/>
  <testcase name="preservesTabs" classname="org.jsoup.parser.HtmlParserTest" time="0.0"/>
  <testcase name="handlesUnclosedTitleAtEof" classname="org.jsoup.parser.HtmlParserTest" time="0.0"/>
  <testcase name="handlesSolidusAtAttributeEnd" classname="org.jsoup.parser.HtmlParserTest" time="0.0"/>
  <testcase name="scriptInDataNode" classname="org.jsoup.parser.HtmlParserTest" time="0.0"/>
  <testcase name="handlesUnknownNamespaceTags" classname="org.jsoup.parser.HtmlParserTest" time="0.0"/>
  <testcase name="handlesKnownEmptyNoFrames" classname="org.jsoup.parser.HtmlParserTest" time="0.001"/>
  <testcase name="roundTripsCdata" classname="org.jsoup.parser.HtmlParserTest" time="0.0"/>
  <testcase name="templateTableRowFragment" classname="org.jsoup.parser.HtmlParserTest" time="0.0"/>
  <testcase name="handlesManyChildren" classname="org.jsoup.parser.HtmlParserTest" time="0.017"/>
  <testcase name="handlesTextArea" classname="org.jsoup.parser.HtmlParserTest" time="0.0"/>
  <testcase name="convertsImageToImg" classname="org.jsoup.parser.HtmlParserTest" time="0.0"/>
  <testcase name="canSetHtmlOnCreatedTableElements" classname="org.jsoup.parser.HtmlParserTest" time="0.0"/>
  <testcase name="preSkipsFirstNewline" classname="org.jsoup.parser.HtmlParserTest" time="0.0"/>
  <testcase name="commentAtEnd" classname="org.jsoup.parser.HtmlParserTest" time="0.0"/>
  <testcase name="selfClosingOnNonvoidIsError" classname="org.jsoup.parser.HtmlParserTest" time="0.0"/>
  <testcase name="mergeHtmlNoAttributesFromBody" classname="org.jsoup.parser.HtmlParserTest" time="0.0"/>
  <testcase name="handlesNestedImplicitTable" classname="org.jsoup.parser.HtmlParserTest" time="0.0"/>
  <testcase name="canDetectAutomaticallyAddedElements" classname="org.jsoup.parser.HtmlParserTest" time="0.0"/>
  <testcase name="parsesRoughAttributes" classname="org.jsoup.parser.HtmlParserTest" time="0.0"/>
  <testcase name="testUsingSingleQuotesInQueries" classname="org.jsoup.parser.HtmlParserTest" time="0.0"/>
  <testcase name="handlesUnclosedDefinitionLists" classname="org.jsoup.parser.HtmlParserTest" time="0.0"/>
  <testcase name="handlesWhitespaceInoDocType" classname="org.jsoup.parser.HtmlParserTest" time="0.0"/>
  <testcase name="reconstructFormattingElementsInTable" classname="org.jsoup.parser.HtmlParserTest" time="0.001"/>
  <testcase name="selfClosingVoidIsNotAnError" classname="org.jsoup.parser.HtmlParserTest" time="0.0"/>
  <testcase name="testNoImagesInNoScriptInHead" classname="org.jsoup.parser.HtmlParserTest" time="0.0"/>
  <testcase name="mathParseText" classname="org.jsoup.parser.HtmlParserTest" time="0.0"/>
  <testcase name="handlesBaseWithoutHref" classname="org.jsoup.parser.HtmlParserTest" time="0.0"/>
  <testcase name="handlesUnclosedRawtextAtEof" classname="org.jsoup.parser.HtmlParserTest" time="0.001"/>
  <testcase name="tagsMustStartWithAscii" classname="org.jsoup.parser.HtmlParserTest" time="0.001"/>
  <testcase name="trimNormalizeElementNamesInBuilder" classname="org.jsoup.parser.HtmlParserTest" time="0.0"/>
  <testcase name="afterHeadReAdds" classname="org.jsoup.parser.HtmlParserTest" time="0.0"/>
  <testcase name="tracksLimitedErrorsWhenRequested" classname="org.jsoup.parser.HtmlParserTest" time="0.0"/>
  <testcase name="doesNotFindShortestMatchingEntity" classname="org.jsoup.parser.HtmlParserTest" time="0.0"/>
  <testcase name="templateInferredForm" classname="org.jsoup.parser.HtmlParserTest" time="0.0"/>
  <testcase name="testUNewlines" classname="org.jsoup.parser.HtmlParserTest" time="0.001"/>
  <testcase name="testHtmlLowerCaseAttributesForm" classname="org.jsoup.parser.HtmlParserTest" time="0.0"/>
  <testcase name="tracksErrorsWhenRequested" classname="org.jsoup.parser.HtmlParserTest" time="0.0"/>
  <testcase name="mathAnnotationSvg" classname="org.jsoup.parser.HtmlParserTest" time="0.0"/>
  <testcase name="indentRegardlessOfCase" classname="org.jsoup.parser.HtmlParserTest" time="0.0"/>
  <testcase name="NoErrorOnEofIfBodyOpen" classname="org.jsoup.parser.HtmlParserTest" time="0.001"/>
  <testcase name="handlesUnclosedAnchors" classname="org.jsoup.parser.HtmlParserTest" time="0.0"/>
  <testcase name="parsesBodyFragment" classname="org.jsoup.parser.HtmlParserTest" time="0.0"/>
  <testcase name="handlesUnknownInlineTags" classname="org.jsoup.parser.HtmlParserTest" time="0.0"/>
  <testcase name="testSelectWithOption" classname="org.jsoup.parser.HtmlParserTest" time="0.0"/>
  <testcase name="normalisesEmptyDocument" classname="org.jsoup.parser.HtmlParserTest" time="0.0"/>
  <testcase name="relaxedBaseEntityMatchAndStrictExtendedMatch" classname="org.jsoup.parser.HtmlParserTest" time="0.0"/>
  <testcase name="handlesUnclosedFormattingElements" classname="org.jsoup.parser.HtmlParserTest" time="0.001"/>
  <testcase name="rubyScopeError" classname="org.jsoup.parser.HtmlParserTest" time="0.0"/>
  <testcase name="handlesSolidusInA" classname="org.jsoup.parser.HtmlParserTest" time="0.0"/>
  <testcase name="testHgroup" classname="org.jsoup.parser.HtmlParserTest" time="0.0"/>
  <testcase name="discardsNakedTds" classname="org.jsoup.parser.HtmlParserTest" time="0.0"/>
  <testcase name="parseEmojiFromMultipointEncoded" classname="org.jsoup.parser.HtmlParserTest" time="0.0"/>
  <testcase name="parsesComments" classname="org.jsoup.parser.HtmlParserTest" time="0.001"/>
  <testcase name="testFontFlowContents" classname="org.jsoup.parser.HtmlParserTest" time="0.0"/>
  <testcase name="mathHtmlIntegrationPoint" classname="org.jsoup.parser.HtmlParserTest" time="0.0"/>
  <testcase name="parseFragmentOnCreatedDocument" classname="org.jsoup.parser.HtmlParserTest" time="0.0"/>
  <testcase name="handlesMisnestedTagsBI" classname="org.jsoup.parser.HtmlParserTest" time="0.0"/>
  <testcase name="handlesMisnestedTagsBP" classname="org.jsoup.parser.HtmlParserTest" time="0.0"/>
  <testcase name="canPreserveBothCase" classname="org.jsoup.parser.HtmlParserTest" time="0.0"/>
  <testcase name="testHandlesDeepSpans" classname="org.jsoup.parser.HtmlParserTest" time="0.001"/>
  <testcase name="allDashCommentsAreNotParseErrors" classname="org.jsoup.parser.HtmlParserTest" time="0.0"/>
  <testcase name="handleCDataInText" classname="org.jsoup.parser.HtmlParserTest" time="0.0"/>
  <testcase name="svgParseTest" classname="org.jsoup.parser.HtmlParserTest" time="0.0"/>
  <testcase name="templateNotInTableRowFragment" classname="org.jsoup.parser.HtmlParserTest" time="0.0"/>
  <testcase name="findsCharsetInMalformedMeta" classname="org.jsoup.parser.HtmlParserTest" time="0.0"/>
  <testcase name="handlesMultiClosingBody" classname="org.jsoup.parser.HtmlParserTest" time="0.0"/>
  <testcase name="handlesBlocksInDefinitions" classname="org.jsoup.parser.HtmlParserTest" time="0.001"/>
  <testcase name="testStartOptGroup" classname="org.jsoup.parser.HtmlParserTest" time="0.0"/>
  <testcase name="testAFlowContents" classname="org.jsoup.parser.HtmlParserTest" time="0.0"/>
  <testcase name="canSelectIntoTemplate" classname="org.jsoup.parser.HtmlParserTest" time="0.0"/>
  <testcase name="handlesNullInData" classname="org.jsoup.parser.HtmlParserTest" time="0.0"/>
  <testcase name="readerClosedAfterParse" classname="org.jsoup.parser.HtmlParserTest" time="0.0"/>
  <testcase name="testHtmlLowerCaseAttributesOfVoidTags" classname="org.jsoup.parser.HtmlParserTest" time="0.0"/>
  <testcase name="parsesQuiteRoughAttributes" classname="org.jsoup.parser.HtmlParserTest" time="0.001"/>
</testsuite>